Exception in thread "main" java.lang.OutOfMemoryError: GC overhead limit exceeded
	at org.postgresql.jdbc.TimestampUtils.parseBackendTimestamp(TimestampUtils.java:192)
	at org.postgresql.jdbc.TimestampUtils.toTimestamp(TimestampUtils.java:390)
	at org.postgresql.jdbc.TimestampUtils.toDate(TimestampUtils.java:468)
	at org.postgresql.jdbc.PgResultSet.getDate(PgResultSet.java:515)
	at org.postgresql.jdbc.PgResultSet.getDate(PgResultSet.java:2388)
	at org.postgresql.jdbc.PgResultSet.internalGetObject(PgResultSet.java:204)
	at org.postgresql.jdbc.PgResultSet.getObject(PgResultSet.java:2581)
	at testapp.Item.<init>(Item.java:41)
	at testapp.testFilterSpeed.processSQLResult(testFilterSpeed.java:283)
	at testapp.testFilterSpeed.getDataFromDb(testFilterSpeed.java:149)
	at testapp.TestApp.main(TestApp.java:88)
Exception in thread "main" java.lang.OutOfMemoryError: GC overhead limit exceeded
	at sun.util.calendar.Gregorian.newCalendarDate(Gregorian.java:85)
	at sun.util.calendar.Gregorian.getCalendarDate(Gregorian.java:77)
	at sun.util.calendar.Gregorian.getCalendarDate(Gregorian.java:37)
	at java.util.Date.normalize(Date.java:1196)
	at java.util.Date.getYear(Date.java:651)
	at java.sql.Date.toString(Date.java:158)
	at java.lang.String.valueOf(String.java:2994)
	at testapp.Item.<init>(Item.java:44)
	at testapp.testFilterSpeed.processSQLResult(testFilterSpeed.java:283)
	at testapp.testFilterSpeed.getDataFromDb(testFilterSpeed.java:149)
	at testapp.TestApp.main(TestApp.java:88)
Exception in thread "main" java.lang.OutOfMemoryError: Java heap space
	at java.util.jar.Manifest$FastInputStream.<init>(Manifest.java:332)
	at java.util.jar.Manifest$FastInputStream.<init>(Manifest.java:327)
	at java.util.jar.Manifest.read(Manifest.java:195)
	at java.util.jar.Manifest.<init>(Manifest.java:69)
	at java.util.jar.JarFile.getManifestFromReference(JarFile.java:199)
	at java.util.jar.JarFile.getManifest(JarFile.java:180)
	at sun.misc.URLClassPath$JarLoader$2.getManifest(URLClassPath.java:981)
	at java.net.URLClassLoader.defineClass(URLClassLoader.java:450)
	at java.net.URLClassLoader.access$100(URLClassLoader.java:73)
	at java.net.URLClassLoader$1.run(URLClassLoader.java:368)
	at java.net.URLClassLoader$1.run(URLClassLoader.java:362)
	at java.security.AccessController.doPrivileged(Native Method)
	at java.net.URLClassLoader.findClass(URLClassLoader.java:361)
	at java.lang.ClassLoader.loadClass(ClassLoader.java:424)
	at sun.misc.Launcher$AppClassLoader.loadClass(Launcher.java:335)
	at java.lang.ClassLoader.loadClass(ClassLoader.java:357)
	at org.postgresql.core.v3.QueryExecutorImpl.processResults(QueryExecutorImpl.java:1990)
	at org.postgresql.core.v3.QueryExecutorImpl.execute(QueryExecutorImpl.java:217)
	at org.postgresql.jdbc.PgStatement.execute(PgStatement.java:421)
	at org.postgresql.jdbc.PgStatement.executeWithFlags(PgStatement.java:318)
	at org.postgresql.jdbc.PgStatement.executeQuery(PgStatement.java:281)
	at testapp.testFilterSpeed.getDataFromDb(testFilterSpeed.java:146)
	at testapp.TestApp.main(TestApp.java:88)
