Exception in thread "main" java.lang.OutOfMemoryError: GC overhead limit exceeded
	at java.util.HashMap.newNode(HashMap.java:1747)
	at java.util.HashMap.putVal(HashMap.java:642)
	at java.util.HashMap.put(HashMap.java:612)
	at testapp.Item.<init>(Item.java:44)
	at testapp.testFilterSpeed.processSQLResult(testFilterSpeed.java:326)
	at testapp.testFilterSpeed.filterByDb(testFilterSpeed.java:264)
	at testapp.TestApp.main(TestApp.java:68)
Exception in thread "main" java.lang.OutOfMemoryError: GC overhead limit exceeded
	at sun.util.calendar.Gregorian.newCalendarDate(Gregorian.java:85)
	at sun.util.calendar.Gregorian.getCalendarDate(Gregorian.java:77)
	at sun.util.calendar.Gregorian.getCalendarDate(Gregorian.java:37)
	at java.util.Date.normalize(Date.java:1196)
	at java.util.Date.getYear(Date.java:651)
	at java.sql.Date.toString(Date.java:158)
	at java.lang.String.valueOf(String.java:2994)
	at testapp.Item.<init>(Item.java:44)
	at testapp.testFilterSpeed.processSQLResult(testFilterSpeed.java:326)
	at testapp.testFilterSpeed.filterByDb(testFilterSpeed.java:264)
	at testapp.TestApp.main(TestApp.java:68)
Exception in thread "main" java.lang.OutOfMemoryError: GC overhead limit exceeded
	at org.postgresql.core.Encoding.decode(Encoding.java:187)
	at org.postgresql.core.Encoding.decode(Encoding.java:198)
	at org.postgresql.jdbc.PgResultSet.getString(PgResultSet.java:1919)
	at org.postgresql.jdbc.PgResultSet.internalGetObject(PgResultSet.java:202)
	at org.postgresql.jdbc.PgResultSet.getObject(PgResultSet.java:2581)
	at testapp.Item.<init>(Item.java:41)
	at testapp.testFilterSpeed.processSQLResult(testFilterSpeed.java:326)
	at testapp.testFilterSpeed.filterByDb(testFilterSpeed.java:264)
	at testapp.TestApp.main(TestApp.java:68)
