Exception in thread "main" java.lang.OutOfMemoryError: GC overhead limit exceeded
	at java.math.BigDecimal.valueOf(BigDecimal.java:1202)
	at org.postgresql.jdbc.PgResultSet.getFastBigDecimal(PgResultSet.java:2271)
	at org.postgresql.jdbc.PgResultSet.getBigDecimal(PgResultSet.java:2335)
	at org.postgresql.jdbc.PgResultSet.internalGetObject(PgResultSet.java:192)
	at org.postgresql.jdbc.PgResultSet.getObject(PgResultSet.java:2581)
	at testapp.Item.<init>(Item.java:41)
	at testapp.testFilterSpeed.processSQLResult(testFilterSpeed.java:326)
	at testapp.testFilterSpeed.filterByDb(testFilterSpeed.java:264)
	at testapp.TestApp.main(TestApp.java:68)
Exception in thread "main" java.lang.OutOfMemoryError: GC overhead limit exceeded
	at java.lang.String.toCharArray(String.java:2899)
	at java.math.BigDecimal.<init>(BigDecimal.java:806)
	at org.postgresql.jdbc.PgResultSet.toBigDecimal(PgResultSet.java:2877)
	at org.postgresql.jdbc.PgResultSet.toBigDecimal(PgResultSet.java:2888)
	at org.postgresql.jdbc.PgResultSet.getBigDecimal(PgResultSet.java:2342)
	at org.postgresql.jdbc.PgResultSet.internalGetObject(PgResultSet.java:192)
	at org.postgresql.jdbc.PgResultSet.getObject(PgResultSet.java:2581)
	at testapp.Item.<init>(Item.java:41)
	at testapp.testFilterSpeed.processSQLResult(testFilterSpeed.java:326)
	at testapp.testFilterSpeed.filterByDb(testFilterSpeed.java:264)
	at testapp.TestApp.main(TestApp.java:68)
Exception in thread "main" java.lang.OutOfMemoryError: GC overhead limit exceeded
	at org.postgresql.jdbc.TimestampUtils.toTimestamp(TimestampUtils.java:401)
	at org.postgresql.jdbc.TimestampUtils.toDate(TimestampUtils.java:468)
	at org.postgresql.jdbc.PgResultSet.getDate(PgResultSet.java:515)
	at org.postgresql.jdbc.PgResultSet.getDate(PgResultSet.java:2388)
	at org.postgresql.jdbc.PgResultSet.internalGetObject(PgResultSet.java:204)
	at org.postgresql.jdbc.PgResultSet.getObject(PgResultSet.java:2581)
	at testapp.Item.<init>(Item.java:41)
	at testapp.testFilterSpeed.processSQLResult(testFilterSpeed.java:326)
	at testapp.testFilterSpeed.filterByDb(testFilterSpeed.java:264)
	at testapp.TestApp.main(TestApp.java:68)
