Exception in thread "main" java.lang.OutOfMemoryError: Java heap space
	at java.lang.Long.toString(Long.java:399)
	at java.math.BigDecimal.layoutChars(BigDecimal.java:3428)
	at java.math.BigDecimal.toString(BigDecimal.java:2884)
	at java.lang.String.valueOf(String.java:2994)
	at testapp.Item.<init>(Item.java:44)
	at testapp.testFilterSpeed.processSQLResult(testFilterSpeed.java:326)
	at testapp.testFilterSpeed.filterByDb(testFilterSpeed.java:264)
	at testapp.TestApp.main(TestApp.java:68)
Exception in thread "main" java.lang.OutOfMemoryError: Java heap space
	at java.lang.StringCoding.decode(StringCoding.java:187)
	at java.lang.String.<init>(String.java:426)
	at org.postgresql.core.Encoding.decode(Encoding.java:187)
	at org.postgresql.core.Encoding.decode(Encoding.java:198)
	at org.postgresql.jdbc.PgResultSet.getString(PgResultSet.java:1919)
	at org.postgresql.jdbc.PgResultSet.internalGetObject(PgResultSet.java:202)
	at org.postgresql.jdbc.PgResultSet.getObject(PgResultSet.java:2581)
	at testapp.Item.<init>(Item.java:41)
	at testapp.testFilterSpeed.processSQLResult(testFilterSpeed.java:326)
	at testapp.testFilterSpeed.filterByDb(testFilterSpeed.java:264)
	at testapp.TestApp.main(TestApp.java:68)
Exception in thread "main" java.lang.OutOfMemoryError: Java heap space
	at org.postgresql.core.Encoding.decode(Encoding.java:187)
	at org.postgresql.core.Encoding.decode(Encoding.java:198)
	at org.postgresql.jdbc.PgResultSet.getString(PgResultSet.java:1919)
	at org.postgresql.jdbc.PgResultSet.internalGetObject(PgResultSet.java:202)
	at org.postgresql.jdbc.PgResultSet.getObject(PgResultSet.java:2581)
	at testapp.Item.<init>(Item.java:41)
	at testapp.testFilterSpeed.processSQLResult(testFilterSpeed.java:326)
	at testapp.testFilterSpeed.filterByDb(testFilterSpeed.java:264)
	at testapp.TestApp.main(TestApp.java:68)
