Exception in thread "main" java.lang.OutOfMemoryError: Java heap space
	at java.lang.StringCoding$StringDecoder.decode(StringCoding.java:149)
	at java.lang.StringCoding.decode(StringCoding.java:193)
	at java.lang.String.<init>(String.java:426)
	at org.postgresql.core.Encoding.decode(Encoding.java:187)
	at org.postgresql.core.Encoding.decode(Encoding.java:198)
	at org.postgresql.jdbc.PgResultSet.getString(PgResultSet.java:1919)
	at org.postgresql.jdbc.PgResultSet.internalGetObject(PgResultSet.java:202)
	at org.postgresql.jdbc.PgResultSet.getObject(PgResultSet.java:2581)
	at testapp.Item.<init>(Item.java:41)
	at testapp.testFilterSpeed.processSQLResult(testFilterSpeed.java:326)
	at testapp.testFilterSpeed.filterByDb(testFilterSpeed.java:264)
	at testapp.TestApp.main(TestApp.java:68)
Exception in thread "main" java.lang.OutOfMemoryError: Java heap space
	at java.lang.StringCoding.decode(StringCoding.java:187)
	at java.lang.String.<init>(String.java:426)
	at org.postgresql.core.Encoding.decode(Encoding.java:187)
	at org.postgresql.core.Encoding.decode(Encoding.java:198)
	at org.postgresql.jdbc.PgResultSet.getString(PgResultSet.java:1919)
	at org.postgresql.jdbc.PgResultSet.internalGetObject(PgResultSet.java:202)
	at org.postgresql.jdbc.PgResultSet.getObject(PgResultSet.java:2581)
	at testapp.Item.<init>(Item.java:41)
	at testapp.testFilterSpeed.processSQLResult(testFilterSpeed.java:326)
	at testapp.testFilterSpeed.filterByDb(testFilterSpeed.java:264)
	at testapp.TestApp.main(TestApp.java:68)
Exception in thread "main" java.lang.OutOfMemoryError: Java heap space
	at java.math.BigDecimal.valueOf(BigDecimal.java:1221)
	at java.math.BigDecimal.valueOf(BigDecimal.java:1198)
	at org.postgresql.jdbc.PgResultSet.getFastBigDecimal(PgResultSet.java:2271)
	at org.postgresql.jdbc.PgResultSet.getBigDecimal(PgResultSet.java:2335)
	at org.postgresql.jdbc.PgResultSet.internalGetObject(PgResultSet.java:192)
	at org.postgresql.jdbc.PgResultSet.getObject(PgResultSet.java:2581)
	at testapp.Item.<init>(Item.java:41)
	at testapp.testFilterSpeed.processSQLResult(testFilterSpeed.java:326)
	at testapp.testFilterSpeed.filterByDb(testFilterSpeed.java:264)
	at testapp.TestApp.main(TestApp.java:68)
