DB;Select first;100;0;437.743906;
JAVA;Select first;100;0;439.967695;
DB;Select first;100;1;383.360117;
JAVA;Select first;100;1;440.584875;
DB;Select first;100;10;361.180925;
JAVA;Select first;100;10;424.441619;
DB;Select first;100;100;378.189142;
JAVA;Select first;100;100;470.852426;
DB;Select first;100;1000;319.473536;
JAVA;Select first;100;1000;480.816108;
DB;Select first;1000;0;537.177200;
JAVA;Select first;1000;0;529.189246;
DB;Select first;1000;1;395.066229;
JAVA;Select first;1000;1;535.203387;
DB;Select first;1000;10;359.182193;
DB;Select first;1000;100;370.741944;
JAVA;Select first;1000;10;508.166755;
DB;Select first;1000;1000;271.589784;
DB;Select first;2000;0;580.710044;
JAVA;Select first;1000;100;519.802250;
JAVA;Select first;1000;1000;540.557845;
DB;Select first;2000;1;412.165774;
DB;Select first;2000;10;377.395223;
JAVA;Select first;2000;0;614.965742;
DB;Select first;2000;100;354.260898;
JAVA;Select first;2000;1;622.876630;
DB;Select first;2000;1000;312.746273;
DB;Select first;3000;0;699.489264;
JAVA;Select first;2000;10;638.488336;
DB;Select first;3000;1;360.860475;
JAVA;Select first;2000;100;695.945108;
DB;Select first;3000;10;331.985133;
DB;Select first;3000;100;339.613730;
JAVA;Select first;2000;1000;569.761643;
DB;Select first;3000;1000;281.398209;
DB;Select first;4000;0;847.237042;
JAVA;Select first;3000;0;713.329906;
DB;Select first;4000;1;387.023849;
JAVA;Select first;3000;1;684.251739;
DB;Select first;4000;10;335.991831;
JAVA;Select first;3000;10;789.325977;
DB;Select first;4000;100;321.411105;
DB;Select first;4000;1000;297.255234;
DB;Select first;5000;0;951.017404;
JAVA;Select first;3000;100;703.401977;
JAVA;Select first;3000;1000;708.911829;
DB;Select first;5000;1;359.124644;
DB;Select first;5000;10;344.297544;
JAVA;Select first;4000;0;776.000448;
DB;Select first;5000;100;320.416039;
DB;Select first;5000;1000;315.267770;
DB;Select first;6000;0;1015.667641;
JAVA;Select first;4000;1;800.856412;
JAVA;Select first;4000;10;780.398273;
DB;Select first;6000;1;438.754227;
DB;Select first;6000;10;359.575397;
JAVA;Select first;4000;100;808.780565;
DB;Select first;6000;100;331.488559;
DB;Select first;6000;1000;311.864040;
JAVA;Select first;4000;1000;833.181933;
DB;Select first;7000;0;1051.930572;
JAVA;Select first;5000;0;920.798714;
DB;Select first;7000;1;445.710014;
DB;Select first;7000;10;370.737862;
JAVA;Select first;5000;1;894.641486;
DB;Select first;7000;100;339.030174;
DB;Select first;7000;1000;288.332726;
DB;Select first;8000;0;1180.102938;
JAVA;Select first;5000;10;925.270477;
JAVA;Select first;5000;100;867.728401;
DB;Select first;8000;1;495.040030;
DB;Select first;8000;10;403.677752;
JAVA;Select first;5000;1000;931.971407;
DB;Select first;8000;100;346.395600;
DB;Select first;8000;1000;335.630068;
DB;Select first;9000;0;1263.475171;
JAVA;Select first;6000;0;1009.604863;
JAVA;Select first;6000;1;963.330450;
DB;Select first;9000;1;484.334093;
DB;Select first;9000;10;374.167403;
JAVA;Select first;6000;10;970.099399;
DB;Select first;9000;100;362.592520;
DB;Select first;9000;1000;322.689109;
DB;Select first;10000;0;1330.565355;
JAVA;Select first;6000;100;1019.763931;
JAVA;Select first;6000;1000;1008.128227;
DB;Select first;10000;1;502.329494;
DB;Select first;10000;10;377.765223;
DB;Select first;10000;100;373.482085;
JAVA;Select first;7000;0;1061.513599;
DB;Select first;10000;1000;335.060165;
DB;Select first;11000;0;1389.853838;
JAVA;Select first;7000;1;1076.658304;
DB;Select first;11000;1;515.595926;
JAVA;Select first;7000;10;1098.134139;
DB;Select first;11000;10;369.214963;
DB;Select first;11000;100;377.871718;
JAVA;Select first;7000;100;1054.735324;
DB;Select first;11000;1000;345.881467;
DB;Select first;12000;0;1545.492806;
JAVA;Select first;7000;1000;1059.835675;
DB;Select first;12000;1;482.327717;
JAVA;Select first;8000;0;1144.406418;
DB;Select first;12000;10;393.497617;
DB;Select first;12000;100;410.756366;
DB;Select first;12000;1000;365.263235;
JAVA;Select first;8000;1;1165.350068;
DB;Select first;13000;0;1598.246936;
JAVA;Select first;8000;10;1194.846438;
DB;Select first;13000;1;489.250266;
JAVA;Select first;8000;100;1177.868861;
DB;Select first;13000;10;392.901851;
DB;Select first;13000;100;405.564024;
DB;Select first;13000;1000;351.793557;
JAVA;Select first;8000;1000;1171.277220;
DB;Select first;14000;0;1717.396710;
JAVA;Select first;9000;0;1246.081653;
DB;Select first;14000;1;528.878392;
DB;Select first;14000;10;421.047356;
JAVA;Select first;9000;1;1265.817005;
DB;Select first;14000;100;395.688294;
DB;Select first;14000;1000;366.947133;
DB;Select first;15000;0;1792.481216;
JAVA;Select first;9000;10;1247.002125;
JAVA;Select first;9000;100;1270.131940;
DB;Select first;15000;1;525.747424;
DB;Select first;15000;10;389.668118;
DB;Select first;15000;100;412.015306;
JAVA;Select first;9000;1000;1279.866157;
DB;Select first;15000;1000;344.426015;
DB;Select first;16000;0;1853.936280;
JAVA;Select first;10000;0;1347.739821;
DB;Select first;16000;1;531.570827;
JAVA;Select first;10000;1;1306.242967;
DB;Select first;16000;10;410.602807;
DB;Select first;16000;100;386.153258;
DB;Select first;16000;1000;393.802756;
JAVA;Select first;10000;10;1332.667267;
DB;Select first;17000;0;1986.347733;
JAVA;Select first;10000;100;1389.971992;
DB;Select first;17000;1;581.295014;
JAVA;Select first;10000;1000;1319.430770;
DB;Select first;17000;10;376.154919;
DB;Select first;17000;100;387.732998;
DB;Select first;17000;1000;384.661877;
JAVA;Select first;11000;0;1391.796828;
DB;Select first;18000;0;2094.001037;
JAVA;Select first;11000;1;1467.126735;
DB;Select first;18000;1;572.694459;
DB;Select first;18000;10;403.576076;
JAVA;Select first;11000;10;1460.711354;
DB;Select first;18000;100;378.802649;
DB;Select first;18000;1000;350.352854;
DB;Select first;19000;0;2134.140101;
JAVA;Select first;11000;100;1404.175342;
JAVA;Select first;11000;1000;1445.486561;
DB;Select first;19000;1;608.581819;
DB;Select first;19000;10;365.936495;
DB;Select first;19000;100;371.472484;
JAVA;Select first;12000;0;1517.210915;
DB;Select first;19000;1000;341.474301;
DB;Select first;20000;0;2257.463032;
JAVA;Select first;12000;1;1556.738685;
DB;Select first;20000;1;610.123593;
JAVA;Select first;12000;10;1543.804644;
DB;Select first;20000;10;420.346999;
DB;Select first;20000;100;366.483741;
DB;Select first;20000;1000;345.992305;
DB;Select first;21000;0;2304.683689;
JAVA;Select first;12000;100;1532.441155;
JAVA;Select first;12000;1000;1562.258825;
DB;Select first;21000;1;660.560324;
DB;Select first;21000;10;424.421167;
JAVA;Select first;13000;0;1610.732702;
DB;Select first;21000;100;332.559263;
DB;Select first;21000;1000;313.841071;
DB;Select first;22000;0;2407.782135;
JAVA;Select first;13000;1;1639.072694;
DB;Select first;22000;1;584.425806;
JAVA;Select first;13000;10;1612.010203;
DB;Select first;22000;10;415.864319;
DB;Select first;22000;100;322.722054;
DB;Select first;22000;1000;337.329636;
JAVA;Select first;13000;100;1587.427519;
DB;Select first;23000;0;2552.071283;
JAVA;Select first;13000;1000;1578.551697;
DB;Select first;23000;1;601.964403;
JAVA;Select first;14000;0;1675.646800;
DB;Select first;23000;10;443.258248;
DB;Select first;23000;100;328.701675;
DB;Select first;23000;1000;352.548581;
DB;Select first;24000;0;2635.661262;
JAVA;Select first;14000;1;1719.740220;
JAVA;Select first;14000;10;1743.662839;
DB;Select first;24000;1;622.378658;
DB;Select first;24000;10;404.670726;
DB;Select first;24000;100;306.479215;
DB;Select first;24000;1000;320.790376;
JAVA;Select first;14000;100;1754.941252;
DB;Select first;25000;0;2732.805167;
JAVA;Select first;14000;1000;1747.309953;
DB;Select first;25000;1;619.074384;
JAVA;Select first;15000;0;1805.557200;
DB;Select first;25000;10;438.304824;
DB;Select first;25000;100;284.906463;
DB;Select first;25000;1000;325.790788;
DB;Select first;26000;0;2832.995799;
JAVA;Select first;15000;1;1754.626789;
JAVA;Select first;15000;10;1764.364063;
DB;Select first;26000;1;610.267071;
DB;Select first;26000;10;451.929745;
DB;Select first;26000;100;288.522789;
JAVA;Select first;15000;100;1792.311874;
DB;Select first;26000;1000;325.066106;
DB;Select first;27000;0;2875.491330;
JAVA;Select first;15000;1000;1783.554725;
DB;Select first;27000;1;632.303533;
JAVA;Select first;16000;0;1858.581470;
DB;Select first;27000;10;412.797108;
DB;Select first;27000;100;326.739414;
DB;Select first;27000;1000;292.072198;
DB;Select first;28000;0;2992.609510;
JAVA;Select first;16000;1;1913.004132;
JAVA;Select first;16000;10;1884.489505;
DB;Select first;28000;1;628.245757;
DB;Select first;28000;10;428.316288;
DB;Select first;28000;100;338.485824;
JAVA;Select first;16000;100;1890.107433;
DB;Select first;28000;1000;341.270547;
DB;Select first;29000;0;3138.041249;
JAVA;Select first;16000;1000;1896.973588;
DB;Select first;29000;1;667.518994;
JAVA;Select first;17000;0;1981.527791;
DB;Select first;29000;10;468.164461;
DB;Select first;29000;100;335.537834;
DB;Select first;29000;1000;351.407682;
DB;Select first;30000;0;3207.699980;
JAVA;Select first;17000;1;1943.149216;
JAVA;Select first;17000;10;1983.672006;
DB;Select first;30000;1;657.125015;
DB;Select first;30000;10;434.287024;
DB;Select first;30000;100;375.419465;
JAVA;Select first;17000;100;1981.340876;
DB;Select first;30000;1000;349.575982;
DB;Select first;31000;0;3367.623305;
JAVA;Select first;17000;1000;1924.309929;
JAVA;Select first;18000;0;2012.066256;
DB;Select first;31000;1;679.859854;
DB;Select first;31000;10;414.052152;
DB;Select first;31000;100;379.369940;
DB;Select first;31000;1000;328.577871;
DB;Select first;32000;0;3452.938962;
JAVA;Select first;18000;1;2040.592485;
JAVA;Select first;18000;10;2096.303085;
DB;Select first;32000;1;654.567235;
DB;Select first;32000;10;460.954727;
JAVA;Select first;18000;100;2097.115603;
DB;Select first;32000;100;354.685636;
DB;Select first;32000;1000;335.710496;
DB;Select first;33000;0;3592.020668;
JAVA;Select first;18000;1000;2089.577422;
JAVA;Select first;19000;0;2148.482658;
DB;Select first;33000;1;686.277236;
DB;Select first;33000;10;439.670939;
DB;Select first;33000;100;390.116513;
DB;Select first;33000;1000;351.544567;
JAVA;Select first;19000;1;2161.856098;
DB;Select first;34000;0;3652.065835;
JAVA;Select first;19000;10;2185.309372;
DB;Select first;34000;1;705.639145;
JAVA;Select first;19000;100;2224.506260;
DB;Select first;34000;10;461.914399;
DB;Select first;34000;100;396.846998;
DB;Select first;34000;1000;361.096666;
DB;Select first;35000;0;3753.369770;
JAVA;Select first;19000;1000;2161.008745;
JAVA;Select first;20000;0;2234.707539;
DB;Select first;35000;1;745.440192;
DB;Select first;35000;10;461.086087;
DB;Select first;35000;100;406.661427;
JAVA;Select first;20000;1;2257.037492;
DB;Select first;35000;1000;377.614284;
DB;Select first;36000;0;3779.871638;
JAVA;Select first;20000;10;2187.108296;
DB;Select first;36000;1;731.832269;
JAVA;Select first;20000;100;2273.674934;
DB;Select first;36000;10;422.278094;
DB;Select first;36000;100;416.887916;
DB;Select first;36000;1000;364.618268;
DB;Select first;37000;0;3891.014622;
JAVA;Select first;20000;1000;2301.257995;
JAVA;Select first;21000;0;2375.189643;
DB;Select first;37000;1;776.275340;
DB;Select first;37000;10;457.868873;
JAVA;Select first;21000;1;2381.929913;
DB;Select first;37000;100;421.685358;
DB;Select first;37000;1000;387.549353;
DB;Select first;38000;0;4106.463169;
JAVA;Select first;21000;10;2346.219256;
JAVA;Select first;21000;100;2336.974289;
DB;Select first;38000;1;778.477437;
DB;Select first;38000;10;472.742292;
DB;Select first;38000;100;418.598432;
DB;Select first;38000;1000;316.276809;
DB;Select first;39000;0;4089.164694;
JAVA;Select first;21000;1000;2347.425655;
JAVA;Select first;22000;0;2430.226816;
DB;Select first;39000;1;818.997968;
DB;Select first;39000;10;445.268862;
JAVA;Select first;22000;1;2413.505728;
DB;Select first;39000;100;428.492856;
DB;Select first;39000;1000;358.074662;
DB;Select first;40000;0;4259.982905;
JAVA;Select first;22000;10;2483.646373;
JAVA;Select first;22000;100;2430.005351;
DB;Select first;40000;1;822.673695;
DB;Select first;40000;10;394.616587;
DB;Select first;40000;100;425.097867;
DB;Select first;40000;1000;378.882161;
JAVA;Select first;22000;1000;2458.660955;
DB;Select first;41000;0;4336.911136;
JAVA;Select first;23000;0;2485.835294;
DB;Select first;41000;1;790.757466;
JAVA;Select first;23000;1;2528.438065;
DB;Select first;41000;10;456.753171;
DB;Select first;41000;100;417.147979;
DB;Select first;41000;1000;369.583403;
DB;Select first;42000;0;4421.200273;
JAVA;Select first;23000;10;2544.258486;
JAVA;Select first;23000;100;2556.339654;
DB;Select first;42000;1;805.660604;
DB;Select first;42000;10;449.428270;
DB;Select first;42000;100;412.881642;
JAVA;Select first;23000;1000;2550.737819;
DB;Select first;42000;1000;375.196020;
DB;Select first;43000;0;4520.650127;
JAVA;Select first;24000;0;2636.762852;
DB;Select first;43000;1;846.725763;
JAVA;Select first;24000;1;2620.720978;
DB;Select first;43000;10;456.666494;
DB;Select first;43000;100;416.141731;
DB;Select first;43000;1000;376.653471;
DB;Select first;44000;0;4596.631609;
JAVA;Select first;24000;10;2679.939974;
JAVA;Select first;24000;100;2613.179444;
DB;Select first;44000;1;845.874320;
DB;Select first;44000;10;478.140211;
DB;Select first;44000;100;381.077245;
JAVA;Select first;24000;1000;2637.506280;
DB;Select first;44000;1000;375.468847;
DB;Select first;45000;0;4692.307673;
JAVA;Select first;25000;0;2758.808860;
DB;Select first;45000;1;910.615167;
JAVA;Select first;25000;1;2751.197547;
DB;Select first;45000;10;479.150337;
DB;Select first;45000;100;441.461758;
DB;Select first;45000;1000;409.799403;
DB;Select first;46000;0;4742.112124;
JAVA;Select first;25000;10;2772.735308;
JAVA;Select first;25000;100;2724.101261;
DB;Select first;46000;1;881.965199;
DB;Select first;46000;10;463.988470;
DB;Select first;46000;100;442.692534;
JAVA;Select first;25000;1000;2762.746846;
DB;Select first;46000;1000;364.415570;
DB;Select first;47000;0;4847.342255;
JAVA;Select first;26000;0;2809.230927;
JAVA;Select first;26000;1;2838.434916;
DB;Select first;47000;1;890.369785;
DB;Select first;47000;10;415.601122;
DB;Select first;47000;100;447.851156;
DB;Select first;47000;1000;418.850276;
DB;Select first;48000;0;4880.845020;
JAVA;Select first;26000;10;2829.212938;
JAVA;Select first;26000;100;2810.065836;
DB;Select first;48000;1;878.463630;
DB;Select first;48000;10;467.512787;
DB;Select first;48000;100;429.476597;
JAVA;Select first;26000;1000;2862.572207;
DB;Select first;48000;1000;415.423694;
DB;Select first;49000;0;4929.922010;
JAVA;Select first;27000;0;2974.724089;
DB;Select first;49000;1;926.249144;
JAVA;Select first;27000;1;2946.683026;
DB;Select first;49000;10;475.430427;
DB;Select first;49000;100;439.498281;
DB;Select first;49000;1000;429.864213;
DB;Select first;50000;0;5070.834206;
JAVA;Select first;27000;10;2887.758886;
JAVA;Select first;27000;100;2941.272989;
DB;Select first;50000;1;975.264749;
DB;Select first;50000;10;517.148543;
DB;Select first;50000;100;409.540038;
JAVA;Select first;27000;1000;2961.470277;
DB;Select first;50000;1000;408.142907;
DB;Select first;51000;0;5172.980768;
JAVA;Select first;28000;0;3010.193761;
JAVA;Select first;28000;1;3011.255345;
DB;Select first;51000;1;1004.035549;
DB;Select first;51000;10;467.234745;
DB;Select first;51000;100;456.837409;
DB;Select first;51000;1000;436.288211;
DB;Select first;52000;0;5308.262421;
JAVA;Select first;28000;10;3051.707770;
JAVA;Select first;28000;100;3078.337202;
DB;Select first;52000;1;982.987577;
DB;Select first;52000;10;488.129837;
JAVA;Select first;28000;1000;3048.311515;
DB;Select first;52000;100;392.140654;
DB;Select first;52000;1000;440.863593;
DB;Select first;53000;0;5414.295726;
JAVA;Select first;29000;0;3100.828669;
JAVA;Select first;29000;1;3159.432949;
DB;Select first;53000;1;981.525667;
DB;Select first;53000;10;484.437429;
DB;Select first;53000;100;431.701649;
DB;Select first;53000;1000;425.154962;
DB;Select first;54000;0;5229.171575;
JAVA;Select first;29000;10;3138.716910;
JAVA;Select first;29000;100;3170.898890;
DB;Select first;54000;1;1000.637828;
DB;Select first;54000;10;493.426812;
DB;Select first;54000;100;456.202217;
JAVA;Select first;29000;1000;3189.049526;
DB;Select first;54000;1000;416.610304;
DB;Select first;55000;0;5475.568503;
JAVA;Select first;30000;0;3272.339733;
DB;Select first;55000;1;963.291993;
JAVA;Select first;30000;1;3212.409367;
DB;Select first;55000;10;523.249985;
DB;Select first;55000;100;443.078792;
DB;Select first;55000;1000;414.449177;
DB;Select first;56000;0;5592.343318;
JAVA;Select first;30000;10;3243.655712;
JAVA;Select first;30000;100;3246.014509;
DB;Select first;56000;1;1056.564389;
DB;Select first;56000;10;507.418578;
DB;Select first;56000;100;467.050499;
DB;Select first;56000;1000;421.977365;
JAVA;Select first;30000;1000;3256.063908;
DB;Select first;57000;0;5707.031978;
JAVA;Select first;31000;0;3304.541300;
DB;Select first;57000;1;1025.455966;
JAVA;Select first;31000;1;3345.038386;
DB;Select first;57000;10;539.517753;
DB;Select first;57000;100;471.787455;
DB;Select first;57000;1000;420.166976;
DB;Select first;58000;0;5874.011898;
JAVA;Select first;31000;10;3286.393220;
JAVA;Select first;31000;100;3370.124592;
DB;Select first;58000;1;1005.280664;
DB;Select first;58000;10;500.433520;
DB;Select first;58000;100;444.914479;
DB;Select first;58000;1000;458.618747;
JAVA;Select first;31000;1000;3338.045067;
DB;Select first;59000;0;5874.235955;
JAVA;Select first;32000;0;3451.273031;
DB;Select first;59000;1;1020.009918;
JAVA;Select first;32000;1;3465.194222;
DB;Select first;59000;10;534.785734;
DB;Select first;59000;100;473.285428;
DB;Select first;59000;1000;442.009829;
DB;Select first;60000;0;5926.811508;
JAVA;Select first;32000;10;3465.807337;
JAVA;Select first;32000;100;3499.679195;
DB;Select first;60000;1;1046.103143;
DB;Select first;60000;10;504.717120;
DB;Select first;60000;100;493.542471;
DB;Select first;60000;1000;458.642295;
DB;Select first;61000;0;6065.985682;
JAVA;Select first;32000;1000;3460.754142;
JAVA;Select first;33000;0;3530.110088;
DB;Select first;61000;1;1020.253801;
DB;Select first;61000;10;521.762408;
JAVA;Select first;33000;1;3559.027518;
DB;Select first;61000;100;426.682264;
DB;Select first;61000;1000;483.080994;
DB;Select first;62000;0;6188.435040;
JAVA;Select first;33000;10;3499.896604;
JAVA;Select first;33000;100;3605.717334;
DB;Select first;62000;1;1078.389427;
DB;Select first;62000;10;493.463543;
DB;Select first;62000;100;517.375188;
DB;Select first;62000;1000;444.551218;
DB;Select first;63000;0;6205.967718;
JAVA;Select first;33000;1000;3550.046445;
JAVA;Select first;34000;0;3631.156337;
DB;Select first;63000;1;1119.875987;
DB;Select first;63000;10;520.392226;
DB;Select first;63000;100;487.529361;
JAVA;Select first;34000;1;3673.559034;
DB;Select first;63000;1000;472.746733;
DB;Select first;64000;0;6300.867198;
JAVA;Select first;34000;10;3655.002530;
DB;Select first;64000;1;1139.468440;
JAVA;Select first;34000;100;3667.933973;
DB;Select first;64000;10;518.156327;
DB;Select first;64000;100;445.086098;
DB;Select first;64000;1000;433.780091;
DB;Select first;65000;0;6427.658637;
JAVA;Select first;34000;1000;3657.912632;
JAVA;Select first;35000;0;3794.032115;
DB;Select first;65000;1;1119.303961;
DB;Select first;65000;10;504.342550;
DB;Select first;65000;100;477.826785;
DB;Select first;65000;1000;467.265213;
JAVA;Select first;35000;1;3789.328490;
DB;Select first;66000;0;6547.441599;
JAVA;Select first;35000;10;3735.199092;
DB;Select first;66000;1;1143.292508;
JAVA;Select first;35000;100;3783.046685;
DB;Select first;66000;10;586.220969;
DB;Select first;66000;100;524.271378;
DB;Select first;66000;1000;469.747786;
DB;Select first;67000;0;6693.252903;
JAVA;Select first;35000;1000;3749.633256;
JAVA;Select first;36000;0;3863.247118;
DB;Select first;67000;1;1133.499781;
DB;Select first;67000;10;551.163111;
DB;Select first;67000;100;455.662505;
DB;Select first;67000;1000;457.144296;
DB;Select first;68000;0;6634.086278;
JAVA;Select first;36000;1;3877.018321;
JAVA;Select first;36000;10;3892.665146;
DB;Select first;68000;1;1209.286950;
JAVA;Select first;36000;100;3825.759210;
DB;Select first;68000;10;504.556892;
DB;Select first;68000;100;532.599496;
DB;Select first;68000;1000;478.849506;
DB;Select first;69000;0;6878.467153;
JAVA;Select first;36000;1000;3827.772096;
JAVA;Select first;37000;0;3920.233493;
DB;Select first;69000;1;1192.141076;
DB;Select first;69000;10;534.645375;
DB;Select first;69000;100;484.481912;
DB;Select first;69000;1000;461.984889;
DB;Select first;70000;0;7024.433302;
JAVA;Select first;37000;1;3955.404419;
JAVA;Select first;37000;10;3913.053399;
DB;Select first;70000;1;1193.943387;
DB;Select first;70000;10;590.016763;
JAVA;Select first;37000;100;3950.320203;
DB;Select first;70000;100;408.637947;
DB;Select first;70000;1000;472.491623;
DB;Select first;71000;0;6993.416399;
JAVA;Select first;37000;1000;3930.479502;
JAVA;Select first;38000;0;3986.764008;
DB;Select first;71000;1;1259.210006;
DB;Select first;71000;10;613.579221;
DB;Select first;71000;100;515.583401;
DB;Select first;71000;1000;458.601294;
DB;Select first;72000;0;7150.255963;
JAVA;Select first;38000;1;4046.204693;
JAVA;Select first;38000;10;4000.382709;
DB;Select first;72000;1;1222.732897;
DB;Select first;72000;10;581.317052;
JAVA;Select first;38000;100;4066.984725;
DB;Select first;72000;100;512.109679;
DB;Select first;72000;1000;471.862333;
DB;Select first;73000;0;7305.704885;
JAVA;Select first;38000;1000;4007.975829;
JAVA;Select first;39000;0;4148.045729;
DB;Select first;73000;1;1229.609936;
DB;Select first;73000;10;558.004291;
DB;Select first;73000;100;527.465208;
DB;Select first;73000;1000;499.339173;
DB;Select first;74000;0;7400.683691;
JAVA;Select first;39000;1;4157.180795;
JAVA;Select first;39000;10;4177.852842;
DB;Select first;74000;1;1220.150739;
DB;Select first;74000;10;602.130905;
DB;Select first;74000;100;480.238619;
JAVA;Select first;39000;100;4149.863772;
DB;Select first;74000;1000;476.443790;
DB;Select first;75000;0;7480.795068;
JAVA;Select first;39000;1000;4153.362278;
JAVA;Select first;40000;0;4256.614294;
DB;Select first;75000;1;1234.266903;
DB;Select first;75000;10;567.720124;
DB;Select first;75000;100;561.625943;
DB;Select first;75000;1000;490.101236;
DB;Select first;76000;0;7559.828019;
JAVA;Select first;40000;1;4239.059813;
JAVA;Select first;40000;10;4300.694474;
DB;Select first;76000;1;1261.413120;
DB;Select first;76000;10;595.168813;
DB;Select first;76000;100;524.582542;
JAVA;Select first;40000;100;4252.556915;
DB;Select first;76000;1000;498.525420;
DB;Select first;77000;0;7616.027428;
JAVA;Select first;40000;1000;4271.924970;
DB;Select first;77000;1;1291.437772;
JAVA;Select first;41000;0;4279.056391;
DB;Select first;77000;10;634.843911;
DB;Select first;77000;100;532.153500;
DB;Select first;77000;1000;517.392248;
DB;Select first;78000;0;7702.467229;
JAVA;Select first;41000;1;4358.929106;
JAVA;Select first;41000;10;4274.231828;
DB;Select first;78000;1;1277.664540;
DB;Select first;78000;10;592.115846;
DB;Select first;78000;100;513.494482;
DB;Select first;78000;1000;524.801129;
JAVA;Select first;41000;100;4378.825284;
DB;Select first;79000;0;7875.161065;
JAVA;Select first;41000;1000;4366.922800;
DB;Select first;79000;1;1324.366646;
JAVA;Select first;42000;0;4443.468646;
DB;Select first;79000;10;636.860806;
DB;Select first;79000;100;540.928911;
DB;Select first;79000;1000;524.508019;
DB;Select first;80000;0;7929.415449;
JAVA;Select first;42000;1;4440.273696;
JAVA;Select first;42000;10;4409.177181;
DB;Select first;80000;1;1336.829092;
DB;Select first;80000;10;627.024547;
DB;Select first;80000;100;540.742810;
DB;Select first;80000;1000;578.294036;
JAVA;Select first;42000;100;4393.580478;
DB;Select first;81000;0;7932.749977;
JAVA;Select first;42000;1000;4422.519004;
DB;Select first;81000;1;1345.554018;
JAVA;Select first;43000;0;4527.755937;
DB;Select first;81000;10;652.837464;
DB;Select first;81000;100;552.119037;
DB;Select first;81000;1000;530.141625;
DB;Select first;82000;0;7971.438103;
JAVA;Select first;43000;1;4495.629901;
JAVA;Select first;43000;10;4514.910264;
DB;Select first;82000;1;1364.068429;
DB;Select first;82000;10;656.760544;
DB;Select first;82000;100;519.148155;
DB;Select first;82000;1000;515.800179;
DB;Select first;83000;0;8267.753581;
JAVA;Select first;43000;100;4512.697494;
JAVA;Select first;43000;1000;4526.501509;
DB;Select first;83000;1;1351.393037;
JAVA;Select first;44000;0;4635.445295;
DB;Select first;83000;10;675.792800;
DB;Select first;83000;100;548.799529;
DB;Select first;83000;1000;546.205235;
DB;Select first;84000;0;8356.064860;
JAVA;Select first;44000;1;4599.866122;
JAVA;Select first;44000;10;4608.161801;
DB;Select first;84000;1;1379.702423;
DB;Select first;84000;10;693.882738;
DB;Select first;84000;100;560.380809;
DB;Select first;84000;1000;521.359025;
DB;Select first;85000;0;8465.857000;
JAVA;Select first;44000;100;4643.581110;
JAVA;Select first;44000;1000;4596.337345;
DB;Select first;85000;1;1416.289156;
JAVA;Select first;45000;0;4653.557668;
DB;Select first;85000;10;668.658196;
DB;Select first;85000;100;517.531700;
DB;Select first;85000;1000;530.187634;
DB;Select first;86000;0;8522.345382;
JAVA;Select first;45000;1;4731.873390;
JAVA;Select first;45000;10;4688.925779;
DB;Select first;86000;1;1423.666130;
DB;Select first;86000;10;639.395579;
DB;Select first;86000;100;532.963449;
DB;Select first;86000;1000;539.067516;
DB;Select first;87000;0;8700.012591;
JAVA;Select first;45000;100;4697.973901;
JAVA;Select first;45000;1000;4656.015554;
DB;Select first;87000;1;1445.688296;
JAVA;Select first;46000;0;4745.677149;
DB;Select first;87000;10;675.755657;
DB;Select first;87000;100;598.409877;
DB;Select first;87000;1000;514.271242;
DB;Select first;88000;0;8640.945483;
JAVA;Select first;46000;1;4757.123161;
JAVA;Select first;46000;10;4803.404430;
DB;Select first;88000;1;1428.738392;
DB;Select first;88000;10;685.136079;
DB;Select first;88000;100;600.244680;
DB;Select first;88000;1000;558.087342;
JAVA;Select first;46000;100;4817.490520;
DB;Select first;89000;0;8905.803336;
JAVA;Select first;46000;1000;4775.993625;
DB;Select first;89000;1;1482.683688;
JAVA;Select first;47000;0;4806.593244;
DB;Select first;89000;10;681.060749;
DB;Select first;89000;100;571.919644;
DB;Select first;89000;1000;555.153958;
DB;Select first;90000;0;8945.052295;
JAVA;Select first;47000;1;4889.550481;
JAVA;Select first;47000;10;4829.217032;
DB;Select first;90000;1;1485.577903;
DB;Select first;90000;10;671.759374;
DB;Select first;90000;100;573.431815;
DB;Select first;90000;1000;559.328634;
JAVA;Select first;47000;100;4864.004436;
DB;Select first;91000;0;8945.306963;
JAVA;Select first;47000;1000;4862.125442;
DB;Select first;91000;1;1455.664800;
JAVA;Select first;48000;0;4882.635593;
DB;Select first;91000;10;710.909394;
DB;Select first;91000;100;564.203391;
DB;Select first;91000;1000;567.956537;
DB;Select first;92000;0;8962.950293;
JAVA;Select first;48000;1;4932.997029;
JAVA;Select first;48000;10;4918.084736;
DB;Select first;92000;1;1504.205742;
DB;Select first;92000;10;711.457881;
DB;Select first;92000;100;588.790227;
DB;Select first;92000;1000;569.898071;
JAVA;Select first;48000;100;4954.356839;
DB;Select first;93000;0;9353.541656;
JAVA;Select first;48000;1000;4922.340471;
DB;Select first;93000;1;1520.645249;
JAVA;Select first;49000;0;4976.219232;
DB;Select first;93000;10;683.989659;
DB;Select first;93000;100;591.249796;
DB;Select first;93000;1000;553.778564;
DB;Select first;94000;0;9527.509135;
JAVA;Select first;49000;1;5001.211291;
JAVA;Select first;49000;10;5002.242648;
DB;Select first;94000;1;1549.770656;
DB;Select first;94000;10;732.279413;
JAVA;Select first;49000;100;4994.726913;
DB;Select first;94000;100;593.045829;
DB;Select first;94000;1000;569.303083;
DB;Select first;95000;0;9518.775975;
JAVA;Select first;49000;1000;5027.153611;
JAVA;Select first;50000;0;5025.812920;
DB;Select first;95000;1;1503.443457;
DB;Select first;95000;10;693.831911;
DB;Select first;95000;100;562.477924;
DB;Select first;95000;1000;583.631000;
DB;Select first;96000;0;9553.905804;
JAVA;Select first;50000;1;5100.649870;
JAVA;Select first;50000;10;5085.769256;
DB;Select first;96000;1;1546.621924;
JAVA;Select first;50000;100;5079.482031;
DB;Select first;96000;10;708.689264;
DB;Select first;96000;100;641.687108;
DB;Select first;96000;1000;565.958907;
DB;Select first;97000;0;9649.194502;
JAVA;Select first;50000;1000;5078.376446;
JAVA;Select first;51000;0;5153.290773;
DB;Select first;97000;1;1582.757356;
DB;Select first;97000;10;728.601890;
DB;Select first;97000;100;627.860983;
DB;Select first;97000;1000;598.420008;
DB;Select first;98000;0;9644.104414;
JAVA;Select first;51000;1;5197.268891;
JAVA;Select first;51000;10;5266.197857;
DB;Select first;98000;1;1584.685259;
JAVA;Select first;51000;100;5206.663520;
DB;Select first;98000;10;728.463512;
DB;Select first;98000;100;588.199860;
DB;Select first;98000;1000;559.546687;
DB;Select first;99000;0;9866.836063;
JAVA;Select first;51000;1000;5085.775892;
JAVA;Select first;52000;0;5278.836233;
DB;Select first;99000;1;1566.807405;
DB;Select first;99000;10;774.158146;
DB;Select first;99000;100;642.431021;
DB;Select first;99000;1000;605.243821;
JAVA;Select first;52000;1;5250.978332;
DB;Select first;100000;0;9869.858703;
JAVA;Select first;52000;10;5235.671169;
DB;Select first;100000;1;1596.257447;
JAVA;Select first;52000;100;5135.808836;
DB;Select first;100000;10;760.259153;
DB;Select first;100000;100;612.385770;
DB;Select first;100000;1000;602.420855;
DB;Select first;101000;0;10100.603424;
JAVA;Select first;52000;1000;5322.873324;
JAVA;Select first;53000;0;5385.920970;
DB;Select first;101000;1;1639.432442;
DB;Select first;101000;10;740.486187;
DB;Select first;101000;100;596.142881;
JAVA;Select first;53000;1;5355.344237;
DB;Select first;101000;1000;580.668067;
DB;Select first;102000;0;10072.903241;
JAVA;Select first;53000;10;5369.109179;
JAVA;Select first;53000;100;5226.781380;
DB;Select first;102000;1;1632.409414;
DB;Select first;102000;10;749.325549;
DB;Select first;102000;100;652.055318;
DB;Select first;102000;1000;585.267864;
DB;Select first;103000;0;10197.946165;
JAVA;Select first;53000;1000;5318.826859;
JAVA;Select first;54000;0;5335.064995;
DB;Select first;103000;1;1639.656901;
JAVA;Select first;54000;1;5508.609437;
DB;Select first;103000;10;793.324604;
DB;Select first;103000;100;653.126363;
DB;Select first;103000;1000;589.449329;
DB;Select first;104000;0;10409.423533;
JAVA;Select first;54000;10;5416.396706;
JAVA;Select first;54000;100;5348.898234;
DB;Select first;104000;1;1682.985243;
DB;Select first;104000;10;771.944554;
DB;Select first;104000;100;641.641359;
DB;Select first;104000;1000;612.495063;
DB;Select first;105000;0;10348.845765;
JAVA;Select first;54000;1000;5495.152455;
JAVA;Select first;55000;0;5429.997156;
DB;Select first;105000;1;1634.765931;
JAVA;Select first;55000;1;5515.341888;
DB;Select first;105000;10;766.797602;
DB;Select first;105000;100;681.901177;
DB;Select first;105000;1000;627.678561;
DB;Select first;106000;0;10465.589339;
JAVA;Select first;55000;10;5422.102096;
JAVA;Select first;55000;100;5485.418358;
DB;Select first;106000;1;1736.223190;
DB;Select first;106000;10;758.490621;
DB;Select first;106000;100;631.444392;
JAVA;Select first;55000;1000;5525.450743;
DB;Select first;106000;1000;620.312695;
DB;Select first;107000;0;10603.058806;
JAVA;Select first;56000;0;5589.574017;
JAVA;Select first;56000;1;5590.962992;
DB;Select first;107000;1;1707.018738;
DB;Select first;107000;10;799.855231;
DB;Select first;107000;100;630.409766;
DB;Select first;107000;1000;612.402998;
DB;Select first;108000;0;10641.062652;
JAVA;Select first;56000;10;5636.797206;
JAVA;Select first;56000;100;5790.830100;
DB;Select first;108000;1;1694.335505;
DB;Select first;108000;10;800.532229;
JAVA;Select first;56000;1000;5696.896704;
DB;Select first;108000;100;666.907205;
DB;Select first;108000;1000;576.868474;
DB;Select first;109000;0;10848.182631;
JAVA;Select first;57000;0;5719.393976;
JAVA;Select first;57000;1;5796.200509;
DB;Select first;109000;1;1707.209664;
DB;Select first;109000;10;829.633429;
DB;Select first;109000;100;665.296656;
DB;Select first;109000;1000;635.583086;
DB;Select first;110000;0;10853.498676;
JAVA;Select first;57000;10;5799.572526;
JAVA;Select first;57000;100;5727.024407;
DB;Select first;110000;1;1720.956521;
DB;Select first;110000;10;779.627215;
JAVA;Select first;57000;1000;5649.533519;
DB;Select first;110000;100;629.314733;
DB;Select first;110000;1000;658.582097;
DB;Select first;111000;0;10926.087169;
JAVA;Select first;58000;0;5874.115764;
JAVA;Select first;58000;1;5794.677459;
DB;Select first;111000;1;1728.800101;
DB;Select first;111000;10;824.728050;
DB;Select first;111000;100;631.223554;
DB;Select first;111000;1000;644.049117;
DB;Select first;112000;0;11112.737360;
JAVA;Select first;58000;10;5932.749816;
JAVA;Select first;58000;100;5841.759262;
DB;Select first;112000;1;1773.639971;
JAVA;Select first;58000;1000;5766.373762;
DB;Select first;112000;10;824.073538;
DB;Select first;112000;100;660.722506;
DB;Select first;112000;1000;646.402436;
DB;Select first;113000;0;11184.499425;
JAVA;Select first;59000;0;5950.954555;
JAVA;Select first;59000;1;5812.088797;
DB;Select first;113000;1;1769.265868;
DB;Select first;113000;10;820.236472;
DB;Select first;113000;100;677.003519;
DB;Select first;113000;1000;651.648366;
JAVA;Select first;59000;10;5960.436678;
DB;Select first;114000;0;11222.078869;
JAVA;Select first;59000;100;6000.451006;
DB;Select first;114000;1;1814.038752;
JAVA;Select first;59000;1000;5970.803149;
DB;Select first;114000;10;809.763925;
DB;Select first;114000;100;656.936107;
DB;Select first;114000;1000;636.962470;
DB;Select first;115000;0;11411.740593;
JAVA;Select first;60000;0;5964.139226;
JAVA;Select first;60000;1;5978.869466;
DB;Select first;115000;1;1841.291281;
DB;Select first;115000;10;832.117922;
DB;Select first;115000;100;697.947173;
JAVA;Select first;60000;10;5879.174685;
DB;Select first;115000;1000;651.948981;
DB;Select first;116000;0;11495.313431;
JAVA;Select first;60000;100;6001.965985;
JAVA;Select first;60000;1000;5980.232418;
DB;Select first;116000;1;1772.984200;
DB;Select first;116000;10;798.855796;
DB;Select first;116000;100;735.366821;
DB;Select first;116000;1000;639.138725;
DB;Select first;117000;0;11600.082594;
JAVA;Select first;61000;0;6063.271594;
JAVA;Select first;61000;1;6284.102469;
DB;Select first;117000;1;1800.393378;
DB;Select first;117000;10;843.101040;
JAVA;Select first;61000;10;6107.901950;
DB;Select first;117000;100;650.151996;
DB;Select first;117000;1000;611.615248;
DB;Select first;118000;0;11857.706834;
JAVA;Select first;61000;100;6165.985294;
JAVA;Select first;61000;1000;6144.194966;
DB;Select first;118000;1;1866.471733;
DB;Select first;118000;10;843.645307;
DB;Select first;118000;100;659.000408;
DB;Select first;118000;1000;656.809529;
DB;Select first;119000;0;11750.165637;
JAVA;Select first;62000;0;6113.285092;
JAVA;Select first;62000;1;6339.446619;
DB;Select first;119000;1;1800.320744;
JAVA;Select first;62000;10;6229.591854;
DB;Select first;119000;10;789.562020;
DB;Select first;119000;100;686.278902;
DB;Select first;119000;1000;643.339572;
DB;Select first;120000;0;12008.280803;
JAVA;Select first;62000;100;6100.743739;
JAVA;Select first;62000;1000;6169.336581;
DB;Select first;120000;1;1858.957187;
DB;Select first;120000;10;835.050338;
DB;Select first;120000;100;698.859138;
DB;Select first;120000;1000;642.452219;
DB;Select first;121000;0;11954.640921;
JAVA;Select first;63000;0;6311.811620;
JAVA;Select first;63000;1;6272.687655;
DB;Select first;121000;1;1900.092894;
JAVA;Select first;63000;10;6285.278496;
DB;Select first;121000;10;851.610937;
DB;Select first;121000;100;677.572362;
DB;Select first;121000;1000;645.026995;
DB;Select first;122000;0;12148.726665;
JAVA;Select first;63000;100;6273.794755;
JAVA;Select first;63000;1000;6328.882609;
DB;Select first;122000;1;1886.370033;
DB;Select first;122000;10;893.039392;
DB;Select first;122000;100;679.771653;
JAVA;Select first;64000;0;6374.579174;
DB;Select first;122000;1000;641.132374;
DB;Select first;123000;0;12297.903547;
JAVA;Select first;64000;1;6392.751391;
JAVA;Select first;64000;10;6389.657234;
DB;Select first;123000;1;1927.519602;
DB;Select first;123000;10;842.073580;
DB;Select first;123000;100;718.437381;
DB;Select first;123000;1000;657.040735;
DB;Select first;124000;0;12243.143920;
JAVA;Select first;64000;100;6400.130438;
JAVA;Select first;64000;1000;6500.755387;
DB;Select first;124000;1;1908.531645;
DB;Select first;124000;10;861.627827;
JAVA;Select first;65000;0;6490.438532;
DB;Select first;124000;100;723.669793;
DB;Select first;124000;1000;643.432575;
DB;Select first;125000;0;12437.108620;
JAVA;Select first;65000;1;6360.323014;
JAVA;Select first;65000;10;6538.036242;
DB;Select first;125000;1;1881.834380;
DB;Select first;125000;10;857.418387;
DB;Select first;125000;100;728.574403;
DB;Select first;125000;1000;647.625788;
DB;Select first;126000;0;12462.542635;
JAVA;Select first;65000;100;6506.288640;
JAVA;Select first;65000;1000;6461.142604;
DB;Select first;126000;1;1926.504081;
JAVA;Select first;66000;0;6377.779646;
DB;Select first;126000;10;860.608755;
DB;Select first;126000;100;704.647899;
DB;Select first;126000;1000;657.501605;
DB;Select first;127000;0;12756.684144;
JAVA;Select first;66000;1;6529.897099;
JAVA;Select first;66000;10;6413.569768;
DB;Select first;127000;1;1917.566448;
DB;Select first;127000;10;855.848373;
DB;Select first;127000;100;721.740601;
DB;Select first;127000;1000;652.768021;
DB;Select first;128000;0;12802.410421;
JAVA;Select first;66000;100;6569.241595;
JAVA;Select first;66000;1000;6590.589313;
DB;Select first;128000;1;1946.471579;
JAVA;Select first;67000;0;6480.175504;
DB;Select first;128000;10;865.742979;
DB;Select first;128000;100;748.492094;
DB;Select first;128000;1000;643.221753;
DB;Select first;129000;0;12977.812944;
JAVA;Select first;67000;1;6614.560267;
JAVA;Select first;67000;10;6502.497925;
DB;Select first;129000;1;1999.834162;
DB;Select first;129000;10;890.361617;
JAVA;Select first;67000;100;6684.875806;
DB;Select first;129000;100;734.883039;
DB;Select first;129000;1000;657.266949;
DB;Select first;130000;0;13028.870783;
JAVA;Select first;67000;1000;6669.234358;
JAVA;Select first;68000;0;6684.944743;
DB;Select first;130000;1;1969.999211;
DB;Select first;130000;10;842.009037;
DB;Select first;130000;100;707.554204;
DB;Select first;130000;1000;661.786796;
DB;Select first;131000;0;12970.189111;
JAVA;Select first;68000;1;6849.118677;
JAVA;Select first;68000;10;6699.754842;
DB;Select first;131000;1;1979.410662;
JAVA;Select first;68000;100;6777.486102;
DB;Select first;131000;10;888.888076;
DB;Select first;131000;100;727.699100;
DB;Select first;131000;1000;644.474557;
DB;Select first;132000;0;13228.317186;
JAVA;Select first;68000;1000;6745.280933;
JAVA;Select first;69000;0;6657.686361;
DB;Select first;132000;1;1972.672864;
DB;Select first;132000;10;917.322741;
DB;Select first;132000;100;739.031133;
DB;Select first;132000;1000;675.439442;
DB;Select first;133000;0;13202.653952;
JAVA;Select first;69000;1;7024.510548;
JAVA;Select first;69000;10;6747.002718;
DB;Select first;133000;1;2031.599818;
JAVA;Select first;69000;100;7007.120207;
DB;Select first;133000;10;902.918521;
DB;Select first;133000;100;746.136762;
DB;Select first;133000;1000;681.290127;
DB;Select first;134000;0;13103.858542;
JAVA;Select first;69000;1000;6874.485908;
JAVA;Select first;70000;0;6944.206626;
DB;Select first;134000;1;2007.414902;
DB;Select first;134000;10;922.898436;
DB;Select first;134000;100;724.964116;
DB;Select first;134000;1000;686.769100;
JAVA;Select first;70000;1;7005.339482;
DB;Select first;135000;0;13371.623852;
JAVA;Select first;70000;10;6830.448594;
DB;Select first;135000;1;2068.730861;
JAVA;Select first;70000;100;6983.633151;
DB;Select first;135000;10;901.858380;
DB;Select first;135000;100;700.061523;
DB;Select first;135000;1000;691.327600;
DB;Select first;136000;0;13503.125905;
JAVA;Select first;70000;1000;6828.166450;
JAVA;Select first;71000;0;7142.496507;
DB;Select first;136000;1;2022.078774;
DB;Select first;136000;10;927.862759;
DB;Select first;136000;100;746.155248;
JAVA;Select first;71000;1;7195.542716;
DB;Select first;136000;1000;717.609972;
DB;Select first;137000;0;13624.921814;
JAVA;Select first;71000;10;7025.850844;
JAVA;Select first;71000;100;7115.625370;
DB;Select first;137000;1;2089.264151;
DB;Select first;137000;10;925.978164;
DB;Select first;137000;100;724.005290;
DB;Select first;137000;1000;663.013479;
DB;Select first;138000;0;13592.599711;
JAVA;Select first;71000;1000;7021.901083;
JAVA;Select first;72000;0;7223.840843;
DB;Select first;138000;1;2087.664990;
DB;Select first;138000;10;950.256243;
DB;Select first;138000;100;755.124534;
JAVA;Select first;72000;1;7315.254077;
DB;Select first;138000;1000;678.160168;
DB;Select first;139000;0;13814.775423;
JAVA;Select first;72000;10;7145.049572;
JAVA;Select first;72000;100;7265.168082;
DB;Select first;139000;1;2092.760585;
DB;Select first;139000;10;954.356098;
DB;Select first;139000;100;708.464047;
DB;Select first;139000;1000;717.179768;
DB;Select first;140000;0;14032.829550;
JAVA;Select first;72000;1000;7162.485234;
JAVA;Select first;73000;0;7366.214126;
DB;Select first;140000;1;2041.874488;
DB;Select first;140000;10;933.049973;
JAVA;Select first;73000;1;7248.584710;
DB;Select first;140000;100;775.431924;
DB;Select first;140000;1000;701.577684;
DB;Select first;141000;0;13987.690012;
JAVA;Select first;73000;10;7349.580919;
JAVA;Select first;73000;100;7249.913424;
DB;Select first;141000;1;2120.526187;
DB;Select first;141000;10;891.719769;
DB;Select first;141000;100;723.037150;
DB;Select first;141000;1000;657.330859;
DB;Select first;142000;0;14097.350338;
JAVA;Select first;73000;1000;7166.665162;
JAVA;Select first;74000;0;7363.518310;
DB;Select first;142000;1;2133.793430;
JAVA;Select first;74000;1;7472.313651;
DB;Select first;142000;10;907.934301;
DB;Select first;142000;100;760.295460;
DB;Select first;142000;1000;666.221372;
DB;Select first;143000;0;14194.373786;
JAVA;Select first;74000;10;7295.427578;
JAVA;Select first;74000;100;7399.319268;
DB;Select first;143000;1;2114.607858;
DB;Select first;143000;10;914.954360;
DB;Select first;143000;100;739.915461;
DB;Select first;143000;1000;694.044534;
DB;Select first;144000;0;14293.176683;
JAVA;Select first;74000;1000;7433.750955;
JAVA;Select first;75000;0;7448.722674;
DB;Select first;144000;1;2157.955675;
JAVA;Select first;75000;1;7575.346600;
DB;Select first;144000;10;964.075676;
DB;Select first;144000;100;740.277359;
DB;Select first;144000;1000;686.755688;
DB;Select first;145000;0;14331.506053;
JAVA;Select first;75000;10;7524.192195;
JAVA;Select first;75000;100;7551.418000;
DB;Select first;145000;1;2153.610225;
DB;Select first;145000;10;961.301589;
DB;Select first;145000;100;748.544881;
DB;Select first;145000;1000;698.447297;
DB;Select first;146000;0;14417.898295;
JAVA;Select first;75000;1000;7421.226932;
JAVA;Select first;76000;0;7576.620802;
DB;Select first;146000;1;2188.728066;
JAVA;Select first;76000;1;7583.214412;
DB;Select first;146000;10;975.534055;
DB;Select first;146000;100;736.175272;
DB;Select first;146000;1000;716.506880;
DB;Select first;147000;0;14415.821695;
JAVA;Select first;76000;10;7657.901171;
JAVA;Select first;76000;100;7599.021694;
DB;Select first;147000;1;2143.451521;
DB;Select first;147000;10;917.942179;
DB;Select first;147000;100;769.870577;
DB;Select first;147000;1000;704.540825;
DB;Select first;148000;0;14709.856877;
JAVA;Select first;76000;1000;7607.859655;
JAVA;Select first;77000;0;7544.579367;
DB;Select first;148000;1;2192.849887;
JAVA;Select first;77000;1;7819.298423;
DB;Select first;148000;10;965.222648;
DB;Select first;148000;100;777.705743;
DB;Select first;148000;1000;683.690158;
DB;Select first;149000;0;14664.611013;
JAVA;Select first;77000;10;7662.375047;
JAVA;Select first;77000;100;7657.611482;
DB;Select first;149000;1;2206.301395;
DB;Select first;149000;10;944.352293;
DB;Select first;149000;100;782.346699;
DB;Select first;149000;1000;699.241138;
DB;Select first;150000;0;14951.240497;
JAVA;Select first;77000;1000;7768.713459;
JAVA;Select first;78000;0;7750.854876;
DB;Select first;150000;1;2196.107311;
JAVA;Select first;78000;1;7828.687380;
DB;Select first;150000;10;958.392675;
DB;Select first;150000;100;761.499925;
DB;Select first;150000;1000;713.825421;
DB;Select first;151000;0;14889.990390;
JAVA;Select first;78000;10;7779.647961;
JAVA;Select first;78000;100;7730.680414;
DB;Select first;151000;1;2190.970931;
DB;Select first;151000;10;966.608636;
DB;Select first;151000;100;755.952395;
DB;Select first;151000;1000;680.254088;
DB;Select first;152000;0;15037.564511;
JAVA;Select first;78000;1000;7869.277042;
JAVA;Select first;79000;0;7907.763323;
DB;Select first;152000;1;2243.203298;
JAVA;Select first;79000;1;7927.850622;
DB;Select first;152000;10;971.805223;
DB;Select first;152000;100;742.694868;
DB;Select first;152000;1000;700.115961;
DB;Select first;153000;0;15134.280761;
JAVA;Select first;79000;10;8017.823471;
JAVA;Select first;79000;100;7889.236053;
DB;Select first;153000;1;2216.969458;
DB;Select first;153000;10;952.394266;
DB;Select first;153000;100;779.107191;
DB;Select first;153000;1000;706.040172;
DB;Select first;154000;0;15062.916344;
JAVA;Select first;79000;1000;7921.263592;
JAVA;Select first;80000;0;7927.769646;
DB;Select first;154000;1;2234.960707;
JAVA;Select first;80000;1;8053.998319;
DB;Select first;154000;10;913.542757;
DB;Select first;154000;100;743.530432;
DB;Select first;154000;1000;703.174460;
DB;Select first;155000;0;15377.419853;
JAVA;Select first;80000;10;7981.786802;
JAVA;Select first;80000;100;8068.765067;
DB;Select first;155000;1;2215.534174;
DB;Select first;155000;10;983.292729;
DB;Select first;155000;100;740.040955;
DB;Select first;155000;1000;727.133249;
DB;Select first;156000;0;15275.448803;
JAVA;Select first;80000;1000;8091.854420;
JAVA;Select first;81000;0;7968.264911;
DB;Select first;156000;1;2282.700025;
JAVA;Select first;81000;1;8006.381234;
DB;Select first;156000;10;958.241041;
DB;Select first;156000;100;777.573603;
DB;Select first;156000;1000;707.566500;
DB;Select first;157000;0;15520.703897;
JAVA;Select first;81000;10;7980.880483;
JAVA;Select first;81000;100;8220.599826;
DB;Select first;157000;1;2312.139008;
DB;Select first;157000;10;972.681179;
DB;Select first;157000;100;754.754980;
DB;Select first;157000;1000;708.212106;
DB;Select first;158000;0;15578.568977;
JAVA;Select first;81000;1000;8060.776597;
JAVA;Select first;82000;0;8251.058021;
DB;Select first;158000;1;2322.952042;
JAVA;Select first;82000;1;8238.748192;
DB;Select first;158000;10;971.864248;
DB;Select first;158000;100;738.288205;
DB;Select first;158000;1000;724.520801;
DB;Select first;159000;0;15790.690060;
JAVA;Select first;82000;10;8186.636012;
JAVA;Select first;82000;100;8144.728956;
DB;Select first;159000;1;2325.136611;
DB;Select first;159000;10;972.234124;
DB;Select first;159000;100;798.845235;
DB;Select first;159000;1000;700.200795;
DB;Select first;160000;0;15545.668584;
JAVA;Select first;82000;1000;8191.325623;
JAVA;Select first;83000;0;8183.093389;
DB;Select first;160000;1;2276.023711;
JAVA;Select first;83000;1;8276.744786;
DB;Select first;160000;10;959.819398;
DB;Select first;160000;100;749.537394;
DB;Select first;160000;1000;703.689983;
DB;Select first;161000;0;15751.516995;
JAVA;Select first;83000;10;8318.858786;
JAVA;Select first;83000;100;8372.432800;
DB;Select first;161000;1;2319.596113;
DB;Select first;161000;10;1025.520054;
DB;Select first;161000;100;752.624790;
DB;Select first;161000;1000;678.753810;
DB;Select first;162000;0;15994.470374;
JAVA;Select first;83000;1000;8254.209983;
JAVA;Select first;84000;0;8380.231650;
DB;Select first;162000;1;2320.788983;
JAVA;Select first;84000;1;8513.524147;
DB;Select first;162000;10;954.409952;
DB;Select first;162000;100;832.465793;
DB;Select first;162000;1000;714.273702;
DB;Select first;163000;0;16052.937182;
JAVA;Select first;84000;10;8504.333416;
JAVA;Select first;84000;100;8344.713410;
DB;Select first;163000;1;2352.339225;
DB;Select first;163000;10;985.012155;
DB;Select first;163000;100;836.664362;
DB;Select first;163000;1000;720.336028;
DB;Select first;164000;0;16136.046399;
JAVA;Select first;84000;1000;8252.413151;
JAVA;Select first;85000;0;8412.473120;
DB;Select first;164000;1;2349.012538;
JAVA;Select first;85000;1;8538.462855;
DB;Select first;164000;10;982.791614;
DB;Select first;164000;100;771.385269;
DB;Select first;164000;1000;734.047638;
DB;Select first;165000;0;16031.538629;
JAVA;Select first;85000;10;8324.104520;
JAVA;Select first;85000;100;8467.202444;
DB;Select first;165000;1;2421.671825;
DB;Select first;165000;10;976.221302;
DB;Select first;165000;100;790.919501;
DB;Select first;165000;1000;711.478326;
DB;Select first;166000;0;16252.163855;
JAVA;Select first;85000;1000;8452.673125;
JAVA;Select first;86000;0;8473.624642;
DB;Select first;166000;1;2360.173729;
JAVA;Select first;86000;1;8555.739956;
DB;Select first;166000;10;1020.305172;
DB;Select first;166000;100;806.203340;
DB;Select first;166000;1000;689.409705;
DB;Select first;167000;0;16307.442294;
JAVA;Select first;86000;10;8527.347718;
JAVA;Select first;86000;100;8570.538029;
DB;Select first;167000;1;2414.833316;
DB;Select first;167000;10;990.973242;
DB;Select first;167000;100;783.919835;
DB;Select first;167000;1000;736.586305;
DB;Select first;168000;0;16485.326408;
JAVA;Select first;86000;1000;8523.034623;
JAVA;Select first;87000;0;8737.853941;
DB;Select first;168000;1;2397.156097;
JAVA;Select first;87000;1;8728.174339;
DB;Select first;168000;10;1008.672954;
DB;Select first;168000;100;788.906476;
DB;Select first;168000;1000;694.654010;
DB;Select first;169000;0;16598.142872;
JAVA;Select first;87000;10;8626.839567;
JAVA;Select first;87000;100;8694.870604;
DB;Select first;169000;1;2365.147861;
DB;Select first;169000;10;981.332764;
DB;Select first;169000;100;745.601864;
DB;Select first;169000;1000;711.783114;
DB;Select first;170000;0;16697.159026;
JAVA;Select first;87000;1000;8730.778563;
JAVA;Select first;88000;0;8688.039055;
DB;Select first;170000;1;2469.447912;
DB;Select first;170000;10;963.226393;
JAVA;Select first;88000;1;8629.931197;
DB;Select first;170000;100;764.141026;
DB;Select first;170000;1000;744.393592;
DB;Select first;171000;0;16717.938437;
JAVA;Select first;88000;10;8817.234886;
JAVA;Select first;88000;100;8750.220741;
DB;Select first;171000;1;2393.126868;
DB;Select first;171000;10;974.688054;
DB;Select first;171000;100;782.650813;
DB;Select first;171000;1000;715.724450;
DB;Select first;172000;0;16684.511052;
JAVA;Select first;88000;1000;8651.868981;
JAVA;Select first;89000;0;8978.879320;
DB;Select first;172000;1;2448.904197;
DB;Select first;172000;10;970.975480;
DB;Select first;172000;100;772.761978;
JAVA;Select first;89000;1;8997.005412;
DB;Select first;172000;1000;699.774123;
DB;Select first;173000;0;16908.658825;
JAVA;Select first;89000;10;8882.194897;
JAVA;Select first;89000;100;8886.161121;
DB;Select first;173000;1;2407.875556;
DB;Select first;173000;10;963.813019;
DB;Select first;173000;100;746.244916;
DB;Select first;173000;1000;707.283702;
DB;Select first;174000;0;17031.618196;
JAVA;Select first;89000;1000;8815.699108;
JAVA;Select first;90000;0;8963.790467;
DB;Select first;174000;1;2434.465308;
DB;Select first;174000;10;1005.257225;
DB;Select first;174000;100;796.542998;
DB;Select first;174000;1000;710.770982;
JAVA;Select first;90000;1;8985.837618;
DB;Select first;175000;0;17047.924957;
JAVA;Select first;90000;10;9055.757585;
DB;Select first;175000;1;2456.179438;
JAVA;Select first;90000;100;9013.309259;
DB;Select first;175000;10;1028.874196;
DB;Select first;175000;100;790.645207;
DB;Select first;175000;1000;731.475283;
DB;Select first;176000;0;17200.466866;
JAVA;Select first;90000;1000;9022.540573;
JAVA;Select first;91000;0;9070.811836;
DB;Select first;176000;1;2455.980269;
DB;Select first;176000;10;1007.994785;
DB;Select first;176000;100;774.698455;
DB;Select first;176000;1000;730.792483;
DB;Select first;177000;0;17471.405473;
JAVA;Select first;91000;1;9051.993457;
JAVA;Select first;91000;10;9209.816398;
DB;Select first;177000;1;2537.014842;
JAVA;Select first;91000;100;8983.250289;
DB;Select first;177000;10;943.993943;
DB;Select first;177000;100;774.555844;
DB;Select first;177000;1000;710.741496;
DB;Select first;178000;0;17376.692197;
JAVA;Select first;91000;1000;9051.689293;
JAVA;Select first;92000;0;9111.321035;
DB;Select first;178000;1;2488.456827;
DB;Select first;178000;10;990.871811;
DB;Select first;178000;100;772.987104;
DB;Select first;178000;1000;723.456164;
DB;Select first;179000;0;17536.008340;
JAVA;Select first;92000;1;9103.414171;
JAVA;Select first;92000;10;9275.117069;
DB;Select first;179000;1;2531.899223;
JAVA;Select first;92000;100;9157.456527;
DB;Select first;179000;10;989.251604;
DB;Select first;179000;100;752.084422;
DB;Select first;179000;1000;716.343697;
DB;Select first;180000;0;17501.158461;
JAVA;Select first;92000;1000;9107.411736;
JAVA;Select first;93000;0;9248.224344;
DB;Select first;180000;1;2530.603165;
DB;Select first;180000;10;973.214570;
DB;Select first;180000;100;763.692894;
DB;Select first;180000;1000;756.437437;
DB;Select first;181000;0;17631.000306;
JAVA;Select first;93000;1;9420.815064;
JAVA;Select first;93000;10;9229.036309;
DB;Select first;181000;1;2564.449562;
DB;Select first;181000;10;951.506518;
JAVA;Select first;93000;100;9223.139260;
DB;Select first;181000;100;744.616521;
DB;Select first;181000;1000;713.611013;
DB;Select first;182000;0;17727.309864;
JAVA;Select first;93000;1000;9369.738094;
JAVA;Select first;94000;0;9443.025746;
DB;Select first;182000;1;2551.922631;
DB;Select first;182000;10;998.783626;
DB;Select first;182000;100;788.479136;
DB;Select first;182000;1000;724.297077;
DB;Select first;183000;0;17846.105437;
JAVA;Select first;94000;1;9433.502865;
JAVA;Select first;94000;10;9377.879398;
DB;Select first;183000;1;2548.978232;
DB;Select first;183000;10;988.269826;
DB;Select first;183000;100;782.345329;
JAVA;Select first;94000;100;9165.233820;
DB;Select first;183000;1000;746.322018;
DB;Select first;184000;0;17910.817167;
JAVA;Select first;94000;1000;9409.009870;
JAVA;Select first;95000;0;9410.607435;
DB;Select first;184000;1;2537.806835;
DB;Select first;184000;10;973.154770;
DB;Select first;184000;100;803.970005;
DB;Select first;184000;1000;743.237700;
DB;Select first;185000;0;18017.615838;
JAVA;Select first;95000;1;9356.541305;
JAVA;Select first;95000;10;9366.464696;
DB;Select first;185000;1;2582.835705;
DB;Select first;185000;10;957.038850;
DB;Select first;185000;100;778.638426;
DB;Select first;185000;1000;715.418363;
JAVA;Select first;95000;100;9652.935000;
DB;Select first;186000;0;18053.642601;
JAVA;Select first;95000;1000;9498.714971;
DB;Select first;186000;1;2614.612474;
JAVA;Select first;96000;0;9475.970104;
DB;Select first;186000;10;1039.276566;
DB;Select first;186000;100;791.238003;
DB;Select first;186000;1000;769.510906;
DB;Select first;187000;0;18286.576961;
JAVA;Select first;96000;1;9429.654974;
JAVA;Select first;96000;10;9619.039568;
DB;Select first;187000;1;2629.462994;
DB;Select first;187000;10;1009.389552;
DB;Select first;187000;100;776.716607;
DB;Select first;187000;1000;744.952111;
DB;Select first;188000;0;18291.195860;
JAVA;Select first;96000;100;9594.916904;
JAVA;Select first;96000;1000;9505.240434;
DB;Select first;188000;1;2638.748811;
JAVA;Select first;97000;0;9643.970904;
DB;Select first;188000;10;1025.800235;
DB;Select first;188000;100;811.966774;
DB;Select first;188000;1000;740.443995;
DB;Select first;189000;0;18361.188928;
JAVA;Select first;97000;1;9675.920106;
JAVA;Select first;97000;10;9735.251426;
DB;Select first;189000;1;2622.964726;
DB;Select first;189000;10;991.808449;
DB;Select first;189000;100;811.122272;
DB;Select first;189000;1000;733.729875;
DB;Select first;190000;0;18590.551042;
JAVA;Select first;97000;100;9679.222282;
JAVA;Select first;97000;1000;9826.433027;
DB;Select first;190000;1;2626.134611;
DB;Select first;190000;10;1047.583788;
JAVA;Select first;98000;0;9784.118364;
DB;Select first;190000;100;811.302808;
DB;Select first;190000;1000;740.862348;
DB;Select first;191000;0;18660.325411;
JAVA;Select first;98000;1;9843.574512;
JAVA;Select first;98000;10;9766.751191;
DB;Select first;191000;1;2629.401492;
DB;Select first;191000;10;965.160710;
DB;Select first;191000;100;772.118114;
DB;Select first;191000;1000;746.539517;
DB;Select first;192000;0;18555.313306;
JAVA;Select first;98000;100;9845.893985;
JAVA;Select first;98000;1000;9716.406498;
DB;Select first;192000;1;2634.321710;
DB;Select first;192000;10;995.522528;
DB;Select first;192000;100;846.363991;
JAVA;Select first;99000;0;9971.259987;
DB;Select first;192000;1000;748.264930;
DB;Select first;193000;0;18708.288003;
JAVA;Select first;99000;1;9921.442378;
DB;Select first;193000;1;2700.147383;
JAVA;Select first;99000;10;9925.055795;
DB;Select first;193000;10;1018.111092;
DB;Select first;193000;100;804.242281;
DB;Select first;193000;1000;730.837816;
DB;Select first;194000;0;18839.088535;
JAVA;Select first;99000;100;9904.210815;
JAVA;Select first;99000;1000;9849.439663;
DB;Select first;194000;1;2703.916884;
DB;Select first;194000;10;981.604439;
DB;Select first;194000;100;805.234145;
DB;Select first;194000;1000;709.340241;
DB;Select first;195000;0;19015.737090;
JAVA;Select first;100000;0;9928.706243;
JAVA;Select first;100000;1;9959.938406;
DB;Select first;195000;1;2667.286044;
JAVA;Select first;100000;10;10099.537520;
DB;Select first;195000;10;974.118841;
DB;Select first;195000;100;795.633979;
DB;Select first;195000;1000;744.638466;
DB;Select first;196000;0;19182.066240;
JAVA;Select first;100000;100;10080.753764;
JAVA;Select first;100000;1000;9990.157798;
DB;Select first;196000;1;2684.892677;
DB;Select first;196000;10;994.899226;
DB;Select first;196000;100;779.413640;
DB;Select first;196000;1000;735.175538;
DB;Select first;197000;0;19006.415745;
JAVA;Select first;101000;0;10089.154345;
JAVA;Select first;101000;1;10119.826441;
DB;Select first;197000;1;2716.212703;
DB;Select first;197000;10;1022.997278;
JAVA;Select first;101000;10;10084.995893;
DB;Select first;197000;100;830.000554;
DB;Select first;197000;1000;741.281366;
DB;Select first;198000;0;19318.545969;
JAVA;Select first;101000;100;10100.499381;
JAVA;Select first;101000;1000;10116.880001;
DB;Select first;198000;1;2736.957636;
DB;Select first;198000;10;990.080651;
DB;Select first;198000;100;810.923755;
DB;Select first;198000;1000;744.627869;
DB;Select first;199000;0;19348.612544;
JAVA;Select first;102000;0;10176.508049;
JAVA;Select first;102000;1;10152.583651;
DB;Select first;199000;1;2742.828291;
DB;Select first;199000;10;966.747857;
DB;Select first;199000;100;836.463515;
JAVA;Select first;102000;10;10180.481185;
DB;Select first;199000;1000;706.466199;
DB;Select first;200000;0;19377.003347;
JAVA;Select first;102000;100;10193.799621;
DB;Select first;200000;1;2717.594159;
JAVA;Select first;102000;1000;10239.005537;
DB;Select first;200000;10;1010.649969;
DB;Select first;200000;100;835.055172;
DB;Select first;200000;1000;755.668486;
DB;Select first;201000;0;19479.426821;
JAVA;Select first;103000;0;10222.588346;
JAVA;Select first;103000;1;10309.128289;
DB;Select first;201000;1;2708.536028;
DB;Select first;201000;10;1055.477165;
DB;Select first;201000;100;824.486929;
DB;Select first;201000;1000;769.622789;
DB;Select first;202000;0;19662.662733;
JAVA;Select first;103000;10;10240.339100;
JAVA;Select first;103000;100;10225.107983;
DB;Select first;202000;1;2785.102320;
JAVA;Select first;103000;1000;10236.210732;
DB;Select first;202000;10;1012.159076;
DB;Select first;202000;100;777.237843;
DB;Select first;202000;1000;724.272652;
DB;Select first;203000;0;19613.837919;
JAVA;Select first;104000;0;10328.969628;
JAVA;Select first;104000;1;10397.206433;
DB;Select first;203000;1;2760.902152;
DB;Select first;203000;10;1005.889349;
DB;Select first;203000;100;795.844803;
DB;Select first;203000;1000;716.507074;
DB;Select first;204000;0;19861.152401;
JAVA;Select first;104000;10;10283.397004;
JAVA;Select first;104000;100;10406.907506;
DB;Select first;204000;1;2786.093508;
DB;Select first;204000;10;1043.972109;
JAVA;Select first;104000;1000;10368.164324;
DB;Select first;204000;100;823.273430;
DB;Select first;204000;1000;687.761690;
DB;Select first;205000;0;19946.397740;
JAVA;Select first;105000;0;10360.178361;
JAVA;Select first;105000;1;10495.261520;
DB;Select first;205000;1;2771.310934;
DB;Select first;205000;10;1005.197888;
DB;Select first;205000;100;811.856167;
DB;Select first;205000;1000;735.014630;
DB;Select first;206000;0;19946.525452;
JAVA;Select first;105000;10;10529.141462;
JAVA;Select first;105000;100;10396.227597;
DB;Select first;206000;1;2809.219449;
DB;Select first;206000;10;1057.500790;
DB;Select first;206000;100;816.595241;
DB;Select first;206000;1000;736.414836;
JAVA;Select first;105000;1000;10547.225368;
DB;Select first;207000;0;20134.853164;
JAVA;Select first;106000;0;10587.863354;
DB;Select first;207000;1;2820.603176;
JAVA;Select first;106000;1;10449.347014;
DB;Select first;207000;10;1018.509068;
DB;Select first;207000;100;862.187093;
DB;Select first;207000;1000;749.375410;
DB;Select first;208000;0;20177.763225;
JAVA;Select first;106000;10;10663.188319;
JAVA;Select first;106000;100;10683.857527;
DB;Select first;208000;1;2822.348989;
DB;Select first;208000;10;1020.309164;
DB;Select first;208000;100;808.450421;
DB;Select first;208000;1000;763.327408;
DB;Select first;209000;0;20321.668438;
JAVA;Select first;106000;1000;10571.917066;
JAVA;Select first;107000;0;10776.747515;
DB;Select first;209000;1;2816.486160;
JAVA;Select first;107000;1;10622.782128;
DB;Select first;209000;10;1033.335877;
DB;Select first;209000;100;863.623575;
DB;Select first;209000;1000;761.379177;
DB;Select first;210000;0;20429.682266;
JAVA;Select first;107000;10;10667.052133;
JAVA;Select first;107000;100;10632.550804;
DB;Select first;210000;1;2837.311727;
DB;Select first;210000;10;1013.570514;
DB;Select first;210000;100;845.782909;
DB;Select first;210000;1000;756.503299;
DB;Select first;211000;0;20574.367215;
JAVA;Select first;107000;1000;10667.018190;
JAVA;Select first;108000;0;10770.905030;
DB;Select first;211000;1;2863.666462;
DB;Select first;211000;10;1017.313348;
JAVA;Select first;108000;1;10730.238654;
DB;Select first;211000;100;795.435577;
DB;Select first;211000;1000;747.182112;
DB;Select first;212000;0;20625.112736;
JAVA;Select first;108000;10;10829.204968;
JAVA;Select first;108000;100;10781.256340;
DB;Select first;212000;1;2857.892552;
DB;Select first;212000;10;1005.140314;
DB;Select first;212000;100;856.253683;
DB;Select first;212000;1000;761.734436;
DB;Select first;213000;0;20841.179942;
JAVA;Select first;108000;1000;10810.350680;
JAVA;Select first;109000;0;10829.102509;
DB;Select first;213000;1;2886.283373;
DB;Select first;213000;10;1048.309319;
DB;Select first;213000;100;812.090657;
DB;Select first;213000;1000;760.419093;
JAVA;Select first;109000;1;10867.359176;
DB;Select first;214000;0;20925.962471;
JAVA;Select first;109000;10;10926.660189;
DB;Select first;214000;1;2896.773916;
JAVA;Select first;109000;100;10876.428656;
DB;Select first;214000;10;1044.259672;
DB;Select first;214000;100;833.467829;
DB;Select first;214000;1000;781.173552;
DB;Select first;215000;0;21027.334608;
JAVA;Select first;109000;1000;10864.289608;
JAVA;Select first;110000;0;10973.624771;
DB;Select first;215000;1;2930.955952;
DB;Select first;215000;10;1084.931696;
DB;Select first;215000;100;831.399189;
DB;Select first;215000;1000;763.888540;
DB;Select first;216000;0;21158.314072;
JAVA;Select first;110000;1;10990.862405;
JAVA;Select first;110000;10;10934.875555;
DB;Select first;216000;1;2910.757013;
JAVA;Select first;110000;100;10955.662857;
DB;Select first;216000;10;1044.824057;
DB;Select first;216000;100;851.339765;
DB;Select first;216000;1000;751.281453;
DB;Select first;217000;0;21144.779653;
JAVA;Select first;110000;1000;11003.500997;
JAVA;Select first;111000;0;10950.028147;
DB;Select first;217000;1;2946.410498;
DB;Select first;217000;10;1024.253145;
DB;Select first;217000;100;895.569251;
DB;Select first;217000;1000;763.246625;
DB;Select first;218000;0;21189.395035;
JAVA;Select first;111000;1;10997.345207;
JAVA;Select first;111000;10;11157.998526;
DB;Select first;218000;1;2915.121931;
DB;Select first;218000;10;1062.964535;
JAVA;Select first;111000;100;11191.231875;
DB;Select first;218000;100;810.162164;
DB;Select first;218000;1000;752.306654;
DB;Select first;219000;0;21509.264209;
JAVA;Select first;111000;1000;10999.395425;
JAVA;Select first;112000;0;11124.008233;
DB;Select first;219000;1;2941.906351;
DB;Select first;219000;10;1039.317401;
DB;Select first;219000;100;865.227285;
DB;Select first;219000;1000;797.034170;
DB;Select first;220000;0;21587.884536;
JAVA;Select first;112000;1;11136.351993;
JAVA;Select first;112000;10;11105.239146;
DB;Select first;220000;1;2915.132673;
DB;Select first;220000;10;1116.613648;
DB;Select first;220000;100;833.446121;
JAVA;Select first;112000;100;11095.048698;
DB;Select first;220000;1000;801.413494;
DB;Select first;221000;0;21535.902148;
JAVA;Select first;112000;1000;11121.364455;
JAVA;Select first;113000;0;11283.654624;
DB;Select first;221000;1;2967.468716;
DB;Select first;221000;10;1090.124356;
DB;Select first;221000;100;834.056235;
DB;Select first;221000;1000;782.162527;
DB;Select first;222000;0;21702.107069;
JAVA;Select first;113000;1;11258.031516;
JAVA;Select first;113000;10;11220.404668;
DB;Select first;222000;1;3000.585672;
DB;Select first;222000;10;1039.728651;
DB;Select first;222000;100;853.578075;
DB;Select first;222000;1000;799.149965;
DB;Select first;223000;0;21793.595394;
JAVA;Select first;113000;100;11216.479885;
JAVA;Select first;113000;1000;11215.573086;
DB;Select first;223000;1;2978.974527;
JAVA;Select first;114000;0;11400.432721;
DB;Select first;223000;10;1040.898553;
DB;Select first;223000;100;910.026807;
DB;Select first;223000;1000;788.939303;
DB;Select first;224000;0;21992.423429;
JAVA;Select first;114000;1;11524.794104;
JAVA;Select first;114000;10;11333.771015;
DB;Select first;224000;1;2996.189459;
DB;Select first;224000;10;1053.277544;
DB;Select first;224000;100;868.548456;
DB;Select first;224000;1000;784.849157;
DB;Select first;225000;0;21996.685169;
JAVA;Select first;114000;100;11372.408053;
JAVA;Select first;114000;1000;11340.459958;
DB;Select first;225000;1;3025.964741;
JAVA;Select first;115000;0;11386.659028;
DB;Select first;225000;10;1064.288017;
DB;Select first;225000;100;831.187826;
DB;Select first;225000;1000;798.135795;
DB;Select first;226000;0;22094.971790;
JAVA;Select first;115000;1;11550.391477;
JAVA;Select first;115000;10;11545.115737;
DB;Select first;226000;1;3041.656438;
DB;Select first;226000;10;1083.717477;
DB;Select first;226000;100;843.128181;
DB;Select first;226000;1000;789.271703;
DB;Select first;227000;0;22335.938558;
JAVA;Select first;115000;100;11451.309747;
JAVA;Select first;115000;1000;11679.320827;
DB;Select first;227000;1;3063.484001;
DB;Select first;227000;10;1064.748177;
DB;Select first;227000;100;885.208710;
JAVA;Select first;116000;0;11475.679503;
DB;Select first;227000;1000;796.080801;
DB;Select first;228000;0;22247.980360;
JAVA;Select first;116000;1;11661.003919;
JAVA;Select first;116000;10;11623.049352;
DB;Select first;228000;1;3053.836146;
DB;Select first;228000;10;1106.338002;
DB;Select first;228000;100;861.332589;
DB;Select first;228000;1000;803.014266;
DB;Select first;229000;0;22517.175112;
JAVA;Select first;116000;100;11615.116772;
JAVA;Select first;116000;1000;11656.257199;
DB;Select first;229000;1;3042.874824;
DB;Select first;229000;10;1056.524913;
DB;Select first;229000;100;891.670790;
DB;Select first;229000;1000;795.440552;
DB;Select first;230000;0;22492.749221;
JAVA;Select first;117000;0;11617.652351;
JAVA;Select first;117000;1;11696.884863;
DB;Select first;230000;1;3095.916221;
JAVA;Select first;117000;10;11750.213633;
DB;Select first;230000;10;1107.563415;
DB;Select first;230000;100;844.623313;
DB;Select first;230000;1000;799.560213;
DB;Select first;231000;0;22777.569500;
JAVA;Select first;117000;100;11613.922474;
JAVA;Select first;117000;1000;11740.055478;
DB;Select first;231000;1;3064.465225;
DB;Select first;231000;10;1110.342498;
DB;Select first;231000;100;885.184852;
DB;Select first;231000;1000;810.398731;
DB;Select first;232000;0;22753.441777;
JAVA;Select first;118000;0;11877.249522;
JAVA;Select first;118000;1;11916.712958;
DB;Select first;232000;1;3122.149045;
JAVA;Select first;118000;10;11821.584429;
DB;Select first;232000;10;1127.280616;
DB;Select first;232000;100;914.495907;
DB;Select first;232000;1000;814.357259;
DB;Select first;233000;0;22959.279687;
JAVA;Select first;118000;100;11752.212964;
JAVA;Select first;118000;1000;11693.385391;
DB;Select first;233000;1;3157.427330;
DB;Select first;233000;10;1124.356834;
DB;Select first;233000;100;882.015744;
DB;Select first;233000;1000;785.495928;
DB;Select first;234000;0;23011.432042;
JAVA;Select first;119000;0;11783.621509;
JAVA;Select first;119000;1;11816.336213;
DB;Select first;234000;1;3158.280630;
DB;Select first;234000;10;1091.862291;
JAVA;Select first;119000;10;11935.233400;
DB;Select first;234000;100;907.128237;
DB;Select first;234000;1000;836.920563;
DB;Select first;235000;0;23083.665204;
JAVA;Select first;119000;100;11956.012319;
JAVA;Select first;119000;1000;11806.257480;
DB;Select first;235000;1;3165.131278;
DB;Select first;235000;10;1180.024325;
DB;Select first;235000;100;939.256810;
DB;Select first;235000;1000;832.535476;
DB;Select first;236000;0;23318.288334;
JAVA;Select first;120000;0;11907.841978;
JAVA;Select first;120000;1;11932.161233;
DB;Select first;236000;1;3182.766917;
DB;Select first;236000;10;1129.103661;
DB;Select first;236000;100;883.610154;
JAVA;Select first;120000;10;11858.265363;
DB;Select first;236000;1000;864.573398;
DB;Select first;237000;0;23596.715596;
JAVA;Select first;120000;100;11940.090554;
JAVA;Select first;120000;1000;11936.802162;
DB;Select first;237000;1;3204.201868;
DB;Select first;237000;10;1120.381333;
DB;Select first;237000;100;876.941125;
DB;Select first;237000;1000;809.326876;
DB;Select first;238000;0;23669.399193;
JAVA;Select first;121000;0;12042.953247;
JAVA;Select first;121000;1;11958.690497;
DB;Select first;238000;1;3172.925841;
DB;Select first;238000;10;1140.543131;
DB;Select first;238000;100;904.406729;
JAVA;Select first;121000;10;12043.135072;
DB;Select first;238000;1000;859.183174;
DB;Select first;239000;0;23618.132185;
JAVA;Select first;121000;100;11990.970568;
JAVA;Select first;121000;1000;12074.379258;
DB;Select first;239000;1;3212.990960;
DB;Select first;239000;10;1150.003618;
DB;Select first;239000;100;942.511012;
DB;Select first;239000;1000;824.604947;
DB;Select first;240000;0;23768.935811;
JAVA;Select first;122000;0;12225.892449;
JAVA;Select first;122000;1;12078.287442;
DB;Select first;240000;1;3218.231880;
DB;Select first;240000;10;1177.145408;
DB;Select first;240000;100;906.471165;
DB;Select first;240000;1000;840.820547;
JAVA;Select first;122000;10;12214.509717;
DB;Select first;241000;0;23965.767669;
JAVA;Select first;122000;100;12254.476129;
DB;Select first;241000;1;3229.894341;
JAVA;Select first;122000;1000;12292.631681;
DB;Select first;241000;10;1164.291996;
DB;Select first;241000;100;908.987286;
DB;Select first;241000;1000;861.180018;
DB;Select first;242000;0;24056.094171;
JAVA;Select first;123000;0;12167.379318;
JAVA;Select first;123000;1;12350.510438;
DB;Select first;242000;1;3210.475712;
DB;Select first;242000;10;1231.394611;
DB;Select first;242000;100;919.687036;
DB;Select first;242000;1000;858.697121;
DB;Select first;243000;0;24269.799439;
JAVA;Select first;123000;10;12165.285172;
JAVA;Select first;123000;100;12256.955614;
DB;Select first;243000;1;3235.862584;
JAVA;Select first;123000;1000;12360.922677;
DB;Select first;243000;10;1205.243248;
DB;Select first;243000;100;968.740954;
DB;Select first;243000;1000;890.422557;
DB;Select first;244000;0;24305.537611;
JAVA;Select first;124000;0;12287.608749;
JAVA;Select first;124000;1;12443.056740;
DB;Select first;244000;1;3278.338317;
DB;Select first;244000;10;1222.086582;
DB;Select first;244000;100;927.052324;
DB;Select first;244000;1000;872.711859;
DB;Select first;245000;0;24430.540166;
JAVA;Select first;124000;10;12261.942784;
JAVA;Select first;124000;100;12320.594914;
DB;Select first;245000;1;3267.309889;
JAVA;Select first;124000;1000;12472.724835;
DB;Select first;245000;10;1219.228413;
DB;Select first;245000;100;970.288731;
DB;Select first;245000;1000;906.723657;
DB;Select first;246000;0;24523.784184;
JAVA;Select first;125000;0;12425.256158;
JAVA;Select first;125000;1;12456.055123;
DB;Select first;246000;1;3271.176056;
DB;Select first;246000;10;1244.371647;
DB;Select first;246000;100;950.058010;
DB;Select first;246000;1000;916.312419;
DB;Select first;247000;0;24715.150827;
JAVA;Select first;125000;10;12497.347872;
JAVA;Select first;125000;100;12425.493243;
DB;Select first;247000;1;3324.029808;
JAVA;Select first;125000;1000;12361.936179;
DB;Select first;247000;10;1243.212123;
DB;Select first;247000;100;989.568236;
DB;Select first;247000;1000;892.560956;
DB;Select first;248000;0;24868.882657;
JAVA;Select first;126000;0;12541.774583;
JAVA;Select first;126000;1;12542.751486;
DB;Select first;248000;1;3352.237397;
DB;Select first;248000;10;1222.376871;
DB;Select first;248000;100;1010.257618;
DB;Select first;248000;1000;906.347797;
DB;Select first;249000;0;25021.080377;
JAVA;Select first;126000;10;12424.461789;
JAVA;Select first;126000;100;12376.683127;
DB;Select first;249000;1;3366.118172;
JAVA;Select first;126000;1000;12412.063446;
DB;Select first;249000;10;1230.705182;
DB;Select first;249000;100;992.825174;
DB;Select first;249000;1000;907.252457;
DB;Select first;250000;0;25184.807895;
JAVA;Select first;127000;0;12619.474255;
JAVA;Select first;127000;1;12749.121885;
DB;Select first;250000;1;3360.803946;
DB;Select first;250000;10;1216.992182;
DB;Select first;250000;100;999.141160;
DB;Select first;250000;1000;948.362138;
JAVA;Select first;127000;10;12764.985442;
JAVA;Select first;127000;100;12640.136635;
JAVA;Select first;127000;1000;12711.501396;
JAVA;Select first;128000;0;12630.100060;
JAVA;Select first;128000;1;12725.162757;
JAVA;Select first;128000;10;12833.291571;
JAVA;Select first;128000;100;12729.559284;
JAVA;Select first;128000;1000;12908.536846;
JAVA;Select first;129000;0;12726.927456;
JAVA;Select first;129000;1;12890.955587;
JAVA;Select first;129000;10;12945.226479;
JAVA;Select first;129000;100;12962.916368;
JAVA;Select first;129000;1000;12891.151678;
JAVA;Select first;130000;0;12760.602980;
JAVA;Select first;130000;1;12931.098627;
JAVA;Select first;130000;10;12881.930886;
JAVA;Select first;130000;100;13117.175213;
JAVA;Select first;130000;1000;12899.889844;
JAVA;Select first;131000;0;12977.203165;
JAVA;Select first;131000;1;13048.323197;
JAVA;Select first;131000;10;13095.547253;
JAVA;Select first;131000;100;13152.837665;
JAVA;Select first;131000;1000;13031.524355;
JAVA;Select first;132000;0;13049.125925;
JAVA;Select first;132000;1;13164.109746;
JAVA;Select first;132000;10;13069.980364;
JAVA;Select first;132000;100;13165.063571;
JAVA;Select first;132000;1000;13225.091188;
JAVA;Select first;133000;0;13274.957138;
JAVA;Select first;133000;1;13261.313926;
JAVA;Select first;133000;10;13159.464503;
JAVA;Select first;133000;100;13432.792701;
JAVA;Select first;133000;1000;13245.420188;
JAVA;Select first;134000;0;13340.801711;
JAVA;Select first;134000;1;13320.777446;
JAVA;Select first;134000;10;13394.860750;
JAVA;Select first;134000;100;13203.536744;
JAVA;Select first;134000;1000;13387.352605;
JAVA;Select first;135000;0;13485.661064;
JAVA;Select first;135000;1;13432.387481;
JAVA;Select first;135000;10;13488.079437;
JAVA;Select first;135000;100;13505.549424;
JAVA;Select first;135000;1000;13363.998103;
JAVA;Select first;136000;0;13462.594453;
JAVA;Select first;136000;1;13587.105426;
JAVA;Select first;136000;10;13568.795741;
JAVA;Select first;136000;100;13538.817656;
JAVA;Select first;136000;1000;13587.731518;
JAVA;Select first;137000;0;13717.097582;
JAVA;Select first;137000;1;13587.834191;
JAVA;Select first;137000;10;13621.626614;
JAVA;Select first;137000;100;13647.758627;
JAVA;Select first;137000;1000;13716.147475;
JAVA;Select first;138000;0;13469.526284;
JAVA;Select first;138000;1;13829.320638;
JAVA;Select first;138000;10;13698.515906;
JAVA;Select first;138000;100;13770.077839;
JAVA;Select first;138000;1000;13701.495250;
JAVA;Select first;139000;0;13898.314653;
JAVA;Select first;139000;1;13797.035613;
JAVA;Select first;139000;10;13898.215935;
JAVA;Select first;139000;100;13826.847614;
JAVA;Select first;139000;1000;13833.944311;
JAVA;Select first;140000;0;13919.531146;
JAVA;Select first;140000;1;13831.064122;
JAVA;Select first;140000;10;13878.503555;
JAVA;Select first;140000;100;13871.766869;
JAVA;Select first;140000;1000;13844.282892;
JAVA;Select first;141000;0;13951.236007;
JAVA;Select first;141000;1;13980.533417;
JAVA;Select first;141000;10;13929.852999;
JAVA;Select first;141000;100;14028.559890;
JAVA;Select first;141000;1000;14018.470935;
JAVA;Select first;142000;0;14167.727097;
JAVA;Select first;142000;1;14075.423390;
JAVA;Select first;142000;10;13998.768577;
JAVA;Select first;142000;100;14111.304838;
JAVA;Select first;142000;1000;14084.861755;
JAVA;Select first;143000;0;14112.038315;
JAVA;Select first;143000;1;14274.785853;
JAVA;Select first;143000;10;14266.633129;
JAVA;Select first;143000;100;14217.017339;
JAVA;Select first;143000;1000;14295.154805;
JAVA;Select first;144000;0;14073.282737;
JAVA;Select first;144000;1;14333.401091;
JAVA;Select first;144000;10;14217.925463;
JAVA;Select first;144000;100;14179.029326;
JAVA;Select first;144000;1000;14335.672769;
JAVA;Select first;145000;0;14435.118219;
JAVA;Select first;145000;1;14390.308911;
JAVA;Select first;145000;10;14357.826407;
JAVA;Select first;145000;100;14508.771422;
JAVA;Select first;145000;1000;14367.409584;
JAVA;Select first;146000;0;14425.058723;
JAVA;Select first;146000;1;14456.307688;
JAVA;Select first;146000;10;14579.500034;
JAVA;Select first;146000;100;14482.547641;
JAVA;Select first;146000;1000;14494.607476;
JAVA;Select first;147000;0;14546.049069;
JAVA;Select first;147000;1;14656.362425;
JAVA;Select first;147000;10;14455.155616;
JAVA;Select first;147000;100;14499.181895;
JAVA;Select first;147000;1000;14455.232462;
JAVA;Select first;148000;0;14623.005504;
JAVA;Select first;148000;1;14707.383684;
JAVA;Select first;148000;10;14661.192780;
JAVA;Select first;148000;100;14706.391584;
JAVA;Select first;148000;1000;14599.694327;
JAVA;Select first;149000;0;14587.443438;
JAVA;Select first;149000;1;14721.139623;
JAVA;Select first;149000;10;14690.114434;
JAVA;Select first;149000;100;14654.912331;
JAVA;Select first;149000;1000;14824.158920;
JAVA;Select first;150000;0;14724.824829;
JAVA;Select first;150000;1;14834.761462;
JAVA;Select first;150000;10;14807.980412;
JAVA;Select first;150000;100;14920.171694;
JAVA;Select first;150000;1000;14853.555496;
JAVA;Select first;151000;0;14908.612044;
JAVA;Select first;151000;1;14984.230583;
JAVA;Select first;151000;10;14865.589191;
JAVA;Select first;151000;100;14940.993873;
JAVA;Select first;151000;1000;15015.624600;
JAVA;Select first;152000;0;14914.016480;
JAVA;Select first;152000;1;14986.682446;
JAVA;Select first;152000;10;15051.017295;
JAVA;Select first;152000;100;15121.373492;
JAVA;Select first;152000;1000;15087.053157;
JAVA;Select first;153000;0;15086.178266;
JAVA;Select first;153000;1;15180.471461;
JAVA;Select first;153000;10;15094.681145;
JAVA;Select first;153000;100;15212.261507;
JAVA;Select first;153000;1000;15179.860979;
JAVA;Select first;154000;0;15163.356755;
JAVA;Select first;154000;1;15106.294783;
JAVA;Select first;154000;10;15150.228033;
JAVA;Select first;154000;100;15328.968711;
JAVA;Select first;154000;1000;15297.299519;
JAVA;Select first;155000;0;15231.826583;
JAVA;Select first;155000;1;15387.644533;
JAVA;Select first;155000;10;15313.483658;
JAVA;Select first;155000;100;15276.493930;
JAVA;Select first;155000;1000;15292.931817;
JAVA;Select first;156000;0;15251.639203;
JAVA;Select first;156000;1;15392.997941;
JAVA;Select first;156000;10;15385.631714;
JAVA;Select first;156000;100;15497.799172;
JAVA;Select first;156000;1000;15420.478216;
JAVA;Select first;157000;0;15493.598247;
JAVA;Select first;157000;1;15432.714011;
JAVA;Select first;157000;10;15458.764017;
JAVA;Select first;157000;100;15576.917948;
JAVA;Select first;157000;1000;15358.783238;
JAVA;Select first;158000;0;15630.081397;
JAVA;Select first;158000;1;15721.134190;
JAVA;Select first;158000;10;15568.706060;
JAVA;Select first;158000;100;15633.287102;
JAVA;Select first;158000;1000;15599.589855;
JAVA;Select first;159000;0;15634.483514;
JAVA;Select first;159000;1;15689.337636;
JAVA;Select first;159000;10;15713.144448;
JAVA;Select first;159000;100;15701.777066;
JAVA;Select first;159000;1000;15662.627618;
JAVA;Select first;160000;0;15680.722516;
JAVA;Select first;160000;1;15926.245382;
JAVA;Select first;160000;10;15958.644929;
JAVA;Select first;160000;100;15765.105586;
JAVA;Select first;160000;1000;15706.490568;
JAVA;Select first;161000;0;15683.376502;
JAVA;Select first;161000;1;15980.242522;
JAVA;Select first;161000;10;15919.514950;
JAVA;Select first;161000;100;15728.287334;
JAVA;Select first;161000;1000;16115.788357;
JAVA;Select first;162000;0;15924.691247;
JAVA;Select first;162000;1;16021.258500;
JAVA;Select first;162000;10;16099.251067;
JAVA;Select first;162000;100;15914.217560;
JAVA;Select first;162000;1000;15926.946961;
JAVA;Select first;163000;0;15940.079404;
JAVA;Select first;163000;1;16005.923208;
JAVA;Select first;163000;10;16180.603711;
JAVA;Select first;163000;100;16261.247612;
JAVA;Select first;163000;1000;16030.840510;
JAVA;Select first;164000;0;16056.817472;
JAVA;Select first;164000;1;15992.005380;
JAVA;Select first;164000;10;16038.790988;
JAVA;Select first;164000;100;16081.296019;
JAVA;Select first;164000;1000;16213.167276;
JAVA;Select first;165000;0;16222.401141;
JAVA;Select first;165000;1;16256.918618;
JAVA;Select first;165000;10;16147.483879;
JAVA;Select first;165000;100;16089.079167;
JAVA;Select first;165000;1000;16097.316712;
JAVA;Select first;166000;0;16308.974146;
JAVA;Select first;166000;1;16398.976171;
JAVA;Select first;166000;10;16234.840254;
JAVA;Select first;166000;100;16323.653221;
JAVA;Select first;166000;1000;16191.763183;
JAVA;Select first;167000;0;16333.541553;
JAVA;Select first;167000;1;16481.056285;
JAVA;Select first;167000;10;16366.284832;
JAVA;Select first;167000;100;16459.489277;
JAVA;Select first;167000;1000;16356.292881;
JAVA;Select first;168000;0;16412.116034;
JAVA;Select first;168000;1;16538.499277;
JAVA;Select first;168000;10;16423.665616;
JAVA;Select first;168000;100;16445.737222;
JAVA;Select first;168000;1000;16578.252226;
JAVA;Select first;169000;0;16575.560593;
JAVA;Select first;169000;1;16597.517415;
JAVA;Select first;169000;10;16589.639512;
JAVA;Select first;169000;100;16671.365026;
JAVA;Select first;169000;1000;16625.333507;
JAVA;Select first;170000;0;16626.931638;
JAVA;Select first;170000;1;16631.771218;
JAVA;Select first;170000;10;16743.468327;
JAVA;Select first;170000;100;16541.570308;
JAVA;Select first;170000;1000;16586.430597;
JAVA;Select first;171000;0;16756.068095;
JAVA;Select first;171000;1;16899.926436;
JAVA;Select first;171000;10;16805.130840;
JAVA;Select first;171000;100;16831.900961;
JAVA;Select first;171000;1000;16641.893063;
JAVA;Select first;172000;0;16783.608443;
JAVA;Select first;172000;1;16978.901356;
JAVA;Select first;172000;10;16858.833994;
JAVA;Select first;172000;100;16805.174122;
JAVA;Select first;172000;1000;16883.202458;
JAVA;Select first;173000;0;16974.583766;
JAVA;Select first;173000;1;17116.769691;
JAVA;Select first;173000;10;17042.904643;
JAVA;Select first;173000;100;17028.285071;
JAVA;Select first;173000;1000;17061.313766;
JAVA;Select first;174000;0;17008.112408;
JAVA;Select first;174000;1;17041.342066;
JAVA;Select first;174000;10;17047.490586;
JAVA;Select first;174000;100;17104.488697;
JAVA;Select first;174000;1000;17101.030821;
JAVA;Select first;175000;0;17121.780861;
JAVA;Select first;175000;1;17112.148364;
JAVA;Select first;175000;10;17063.357063;
JAVA;Select first;175000;100;17170.056746;
JAVA;Select first;175000;1000;17309.146070;
JAVA;Select first;176000;0;17114.627999;
JAVA;Select first;176000;1;17276.580005;
JAVA;Select first;176000;10;17249.056148;
JAVA;Select first;176000;100;17193.542156;
JAVA;Select first;176000;1000;17318.737097;
JAVA;Select first;177000;0;17348.976872;
JAVA;Select first;177000;1;17196.785247;
JAVA;Select first;177000;10;17185.270570;
JAVA;Select first;177000;100;17353.269500;
JAVA;Select first;177000;1000;17290.279126;
JAVA;Select first;178000;0;17219.179390;
JAVA;Select first;178000;1;17521.962778;
JAVA;Select first;178000;10;17487.575179;
JAVA;Select first;178000;100;17313.787075;
JAVA;Select first;178000;1000;17477.336935;
JAVA;Select first;179000;0;17413.057022;
JAVA;Select first;179000;1;17572.422947;
JAVA;Select first;179000;10;17543.266115;
JAVA;Select first;179000;100;17399.887024;
JAVA;Select first;179000;1000;17529.996477;
JAVA;Select first;180000;0;17509.969815;
JAVA;Select first;180000;1;17776.665213;
JAVA;Select first;180000;10;17671.624892;
JAVA;Select first;180000;100;17552.492002;
JAVA;Select first;180000;1000;17705.083774;
JAVA;Select first;181000;0;17661.975474;
JAVA;Select first;181000;1;17659.415693;
JAVA;Select first;181000;10;17691.517942;
JAVA;Select first;181000;100;17773.907563;
JAVA;Select first;181000;1000;17560.294544;
JAVA;Select first;182000;0;17586.038297;
JAVA;Select first;182000;1;17855.038388;
JAVA;Select first;182000;10;17775.188726;
JAVA;Select first;182000;100;17724.678749;
JAVA;Select first;182000;1000;17783.070084;
JAVA;Select first;183000;0;17938.491230;
JAVA;Select first;183000;1;17855.312303;
JAVA;Select first;183000;10;17987.113311;
JAVA;Select first;183000;100;17794.937705;
JAVA;Select first;183000;1000;17961.590829;
JAVA;Select first;184000;0;18043.757111;
JAVA;Select first;184000;1;17962.561185;
JAVA;Select first;184000;10;18165.991221;
JAVA;Select first;184000;100;17882.051765;
JAVA;Select first;184000;1000;18010.789710;
JAVA;Select first;185000;0;18099.331211;
JAVA;Select first;185000;1;18037.184298;
JAVA;Select first;185000;10;17961.420297;
JAVA;Select first;185000;100;18111.027714;
JAVA;Select first;185000;1000;18077.375555;
JAVA;Select first;186000;0;18189.851535;
JAVA;Select first;186000;1;18192.731450;
JAVA;Select first;186000;10;18109.620657;
JAVA;Select first;186000;100;18115.745571;
JAVA;Select first;186000;1000;18070.604596;
JAVA;Select first;187000;0;18175.120707;
JAVA;Select first;187000;1;18308.081818;
JAVA;Select first;187000;10;18333.852456;
JAVA;Select first;187000;100;18239.018111;
JAVA;Select first;187000;1000;18298.663859;
JAVA;Select first;188000;0;18460.583452;
JAVA;Select first;188000;1;18289.636710;
JAVA;Select first;188000;10;18311.067713;
JAVA;Select first;188000;100;18211.930361;
JAVA;Select first;188000;1000;18410.132568;
JAVA;Select first;189000;0;18409.403755;
JAVA;Select first;189000;1;18280.888911;
JAVA;Select first;189000;10;18470.395321;
JAVA;Select first;189000;100;18401.062378;
JAVA;Select first;189000;1000;18323.793541;
JAVA;Select first;190000;0;18348.399800;
JAVA;Select first;190000;1;18513.053756;
JAVA;Select first;190000;10;18603.152172;
JAVA;Select first;190000;100;18453.929853;
JAVA;Select first;190000;1000;18495.445642;
JAVA;Select first;191000;0;18506.110841;
JAVA;Select first;191000;1;18493.672940;
JAVA;Select first;191000;10;18591.560910;
JAVA;Select first;191000;100;18606.371166;
JAVA;Select first;191000;1000;18640.867968;
JAVA;Select first;192000;0;18594.050043;
JAVA;Select first;192000;1;18645.924781;
JAVA;Select first;192000;10;18839.629634;
JAVA;Select first;192000;100;18727.333547;
JAVA;Select first;192000;1000;18661.799585;
JAVA;Select first;193000;0;18877.664516;
JAVA;Select first;193000;1;18754.592761;
JAVA;Select first;193000;10;18903.426322;
JAVA;Select first;193000;100;18835.304233;
JAVA;Select first;193000;1000;18784.819817;
JAVA;Select first;194000;0;19015.286755;
JAVA;Select first;194000;1;18898.094083;
JAVA;Select first;194000;10;18878.420639;
JAVA;Select first;194000;100;18773.334626;
JAVA;Select first;194000;1000;18967.076197;
JAVA;Select first;195000;0;18990.710452;
JAVA;Select first;195000;1;19004.166902;
JAVA;Select first;195000;10;18937.246473;
JAVA;Select first;195000;100;19014.194677;
JAVA;Select first;195000;1000;19099.605323;
JAVA;Select first;196000;0;19037.295308;
JAVA;Select first;196000;1;19007.174257;
JAVA;Select first;196000;10;19046.455468;
JAVA;Select first;196000;100;19067.088718;
JAVA;Select first;196000;1000;19134.954970;
JAVA;Select first;197000;0;18985.431257;
JAVA;Select first;197000;1;19187.272147;
JAVA;Select first;197000;10;19059.279796;
JAVA;Select first;197000;100;19236.986579;
JAVA;Select first;197000;1000;19259.399573;
JAVA;Select first;198000;0;19152.818884;
JAVA;Select first;198000;1;19299.859970;
JAVA;Select first;198000;10;19328.600745;
JAVA;Select first;198000;100;19301.262851;
JAVA;Select first;198000;1000;19392.853281;
JAVA;Select first;199000;0;19439.984777;
JAVA;Select first;199000;1;19519.357006;
JAVA;Select first;199000;10;19391.648675;
JAVA;Select first;199000;100;19264.135541;
JAVA;Select first;199000;1000;19379.168229;
JAVA;Select first;200000;0;19447.901663;
JAVA;Select first;200000;1;19379.124567;
JAVA;Select first;200000;10;19442.196258;
JAVA;Select first;200000;100;19690.283787;
JAVA;Select first;200000;1000;19527.846581;
JAVA;Select first;201000;0;19675.519054;
JAVA;Select first;201000;1;19627.666577;
JAVA;Select first;201000;10;19612.764154;
JAVA;Select first;201000;100;19588.031679;
JAVA;Select first;201000;1000;19597.599713;
JAVA;Select first;202000;0;19793.017632;
JAVA;Select first;202000;1;19534.897126;
JAVA;Select first;202000;10;19727.235119;
JAVA;Select first;202000;100;19659.655204;
JAVA;Select first;202000;1000;19613.618829;
JAVA;Select first;203000;0;19676.668755;
JAVA;Select first;203000;1;19785.735795;
JAVA;Select first;203000;10;19782.142054;
JAVA;Select first;203000;100;19634.871021;
JAVA;Select first;203000;1000;19628.449217;
JAVA;Select first;204000;0;19917.476853;
JAVA;Select first;204000;1;19814.873965;
JAVA;Select first;204000;10;19891.168692;
JAVA;Select first;204000;100;19736.530476;
JAVA;Select first;204000;1000;19857.359245;
JAVA;Select first;205000;0;19923.727207;
JAVA;Select first;205000;1;20030.571787;
JAVA;Select first;205000;10;19905.267304;
JAVA;Select first;205000;100;19928.631401;
JAVA;Select first;205000;1000;19997.260698;
JAVA;Select first;206000;0;20172.751284;
JAVA;Select first;206000;1;20067.157942;
JAVA;Select first;206000;10;20085.493996;
JAVA;Select first;206000;100;20007.939255;
JAVA;Select first;206000;1000;20078.494083;
JAVA;Select first;207000;0;20220.745134;
JAVA;Select first;207000;1;20348.010112;
JAVA;Select first;207000;10;20247.140413;
JAVA;Select first;207000;100;20228.887188;
JAVA;Select first;207000;1000;20055.143082;
JAVA;Select first;208000;0;20125.766355;
JAVA;Select first;208000;1;20226.447868;
JAVA;Select first;208000;10;20335.376069;
JAVA;Select first;208000;100;20382.271769;
JAVA;Select first;208000;1000;20458.959483;
JAVA;Select first;209000;0;20248.279965;
JAVA;Select first;209000;1;20382.975164;
JAVA;Select first;209000;10;20473.840230;
JAVA;Select first;209000;100;20382.217448;
JAVA;Select first;209000;1000;20415.306705;
JAVA;Select first;210000;0;20237.618582;
JAVA;Select first;210000;1;20561.721407;
JAVA;Select first;210000;10;20545.052411;
JAVA;Select first;210000;100;20464.497251;
JAVA;Select first;210000;1000;20507.948667;
JAVA;Select first;211000;0;20631.436850;
JAVA;Select first;211000;1;20728.342027;
JAVA;Select first;211000;10;20623.855703;
JAVA;Select first;211000;100;20745.622412;
JAVA;Select first;211000;1000;20563.741658;
JAVA;Select first;212000;0;20602.464202;
JAVA;Select first;212000;1;20804.758986;
JAVA;Select first;212000;10;20706.624211;
JAVA;Select first;212000;100;20789.533977;
JAVA;Select first;212000;1000;20613.740438;
JAVA;Select first;213000;0;20588.223285;
JAVA;Select first;213000;1;20741.436264;
JAVA;Select first;213000;10;20816.675520;
JAVA;Select first;213000;100;20927.826424;
JAVA;Select first;213000;1000;20774.286114;
JAVA;Select first;214000;0;20795.015629;
JAVA;Select first;214000;1;20801.528353;
JAVA;Select first;214000;10;20911.431906;
JAVA;Select first;214000;100;20810.549064;
JAVA;Select first;214000;1000;20847.673997;
JAVA;Select first;215000;0;20995.851041;
JAVA;Select first;215000;1;20987.116720;
JAVA;Select first;215000;10;21115.863746;
JAVA;Select first;215000;100;21018.470868;
JAVA;Select first;215000;1000;21065.349578;
JAVA;Select first;216000;0;21043.427872;
JAVA;Select first;216000;1;20969.816774;
JAVA;Select first;216000;10;21084.574559;
JAVA;Select first;216000;100;21004.924352;
JAVA;Select first;216000;1000;21169.727241;
JAVA;Select first;217000;0;21310.006682;
JAVA;Select first;217000;1;21202.046740;
JAVA;Select first;217000;10;21211.851754;
JAVA;Select first;217000;100;21213.308196;
JAVA;Select first;217000;1000;21210.386000;
JAVA;Select first;218000;0;21264.077746;
JAVA;Select first;218000;1;21415.782583;
JAVA;Select first;218000;10;21416.890728;
JAVA;Select first;218000;100;21208.273303;
JAVA;Select first;218000;1000;21249.348346;
JAVA;Select first;219000;0;21337.448138;
JAVA;Select first;219000;1;21467.216181;
JAVA;Select first;219000;10;21283.072787;
JAVA;Select first;219000;100;21485.390737;
JAVA;Select first;219000;1000;21331.162016;
JAVA;Select first;220000;0;21381.763359;
JAVA;Select first;220000;1;21618.787227;
JAVA;Select first;220000;10;21438.564790;
JAVA;Select first;220000;100;21553.366129;
JAVA;Select first;220000;1000;21591.861394;
JAVA;Select first;221000;0;21583.688799;
JAVA;Select first;221000;1;21782.175046;
JAVA;Select first;221000;10;21645.382109;
JAVA;Select first;221000;100;21701.324472;
JAVA;Select first;221000;1000;21760.969998;
JAVA;Select first;222000;0;21770.452933;
JAVA;Select first;222000;1;21742.682633;
JAVA;Select first;222000;10;21640.420383;
JAVA;Select first;222000;100;21859.265437;
JAVA;Select first;222000;1000;21739.616457;
JAVA;Select first;223000;0;21919.856273;
JAVA;Select first;223000;1;21920.862794;
JAVA;Select first;223000;10;21952.083637;
JAVA;Select first;223000;100;21892.464967;
JAVA;Select first;223000;1000;21930.147181;
JAVA;Select first;224000;0;22060.307377;
JAVA;Select first;224000;1;21970.735552;
JAVA;Select first;224000;10;21947.607962;
JAVA;Select first;224000;100;22098.248598;
JAVA;Select first;224000;1000;21925.100905;
JAVA;Select first;225000;0;22114.133197;
JAVA;Select first;225000;1;22161.020942;
JAVA;Select first;225000;10;21971.414945;
JAVA;Select first;225000;100;22224.036747;
JAVA;Select first;225000;1000;22115.271060;
JAVA;Select first;226000;0;22099.171315;
JAVA;Select first;226000;1;22215.387018;
JAVA;Select first;226000;10;22276.836459;
JAVA;Select first;226000;100;22268.365487;
JAVA;Select first;226000;1000;22198.999728;
JAVA;Select first;227000;0;22247.900774;
JAVA;Select first;227000;1;22347.288847;
JAVA;Select first;227000;10;22378.550818;
JAVA;Select first;227000;100;22348.198795;
JAVA;Select first;227000;1000;22373.417198;
JAVA;Select first;228000;0;22395.810756;
JAVA;Select first;228000;1;22459.252661;
JAVA;Select first;228000;10;22311.464171;
JAVA;Select first;228000;100;22545.452880;
JAVA;Select first;228000;1000;22349.527679;
JAVA;Select first;229000;0;22386.537364;
JAVA;Select first;229000;1;22584.615588;
JAVA;Select first;229000;10;22463.985913;
JAVA;Select first;229000;100;22624.150877;
JAVA;Select first;229000;1000;22575.221132;
JAVA;Select first;230000;0;22794.455545;
JAVA;Select first;230000;1;22639.523600;
JAVA;Select first;230000;10;22615.029233;
JAVA;Select first;230000;100;22671.352274;
JAVA;Select first;230000;1000;22765.580508;
JAVA;Select first;231000;0;22756.142739;
JAVA;Select first;231000;1;22740.527255;
JAVA;Select first;231000;10;22727.933206;
JAVA;Select first;231000;100;22665.023778;
JAVA;Select first;231000;1000;22801.442876;
JAVA;Select first;232000;0;22788.770050;
JAVA;Select first;232000;1;22826.059724;
JAVA;Select first;232000;10;22944.314220;
JAVA;Select first;232000;100;23028.804308;
JAVA;Select first;232000;1000;22838.835346;
JAVA;Select first;233000;0;22938.300110;
JAVA;Select first;233000;1;23134.626371;
JAVA;Select first;233000;10;23033.920344;
JAVA;Select first;233000;100;23070.209733;
JAVA;Select first;233000;1000;23110.137942;
JAVA;Select first;234000;0;23058.251825;
JAVA;Select first;234000;1;23150.400810;
JAVA;Select first;234000;10;23194.266030;
JAVA;Select first;234000;100;23138.199404;
JAVA;Select first;234000;1000;23181.941341;
JAVA;Select first;235000;0;23258.787062;
JAVA;Select first;235000;1;23255.109917;
JAVA;Select first;235000;10;23365.218214;
JAVA;Select first;235000;100;23256.733228;
JAVA;Select first;235000;1000;23455.650779;
JAVA;Select first;236000;0;23396.135196;
JAVA;Select first;236000;1;23320.040954;
JAVA;Select first;236000;10;23468.026992;
JAVA;Select first;236000;100;23496.089302;
JAVA;Select first;236000;1000;23464.121748;
JAVA;Select first;237000;0;23552.790492;
JAVA;Select first;237000;1;23485.104669;
JAVA;Select first;237000;10;23586.808287;
JAVA;Select first;237000;100;23596.092969;
JAVA;Select first;237000;1000;23549.192770;
JAVA;Select first;238000;0;23635.697346;
JAVA;Select first;238000;1;23777.715854;
JAVA;Select first;238000;10;23576.516719;
JAVA;Select first;238000;100;23714.980849;
JAVA;Select first;238000;1000;23583.576274;
JAVA;Select first;239000;0;23769.901402;
JAVA;Select first;239000;1;23801.291924;
JAVA;Select first;239000;10;23794.627812;
JAVA;Select first;239000;100;23725.460068;
JAVA;Select first;239000;1000;23800.193010;
JAVA;Select first;240000;0;23919.466736;
JAVA;Select first;240000;1;23871.939393;
JAVA;Select first;240000;10;23850.593199;
JAVA;Select first;240000;100;23906.039814;
JAVA;Select first;240000;1000;23799.774253;
JAVA;Select first;241000;0;23859.523459;
JAVA;Select first;241000;1;23956.170508;
JAVA;Select first;241000;10;24127.444633;
JAVA;Select first;241000;100;24010.832667;
JAVA;Select first;241000;1000;24023.407655;
JAVA;Select first;242000;0;24078.796523;
JAVA;Select first;242000;1;24127.075162;
JAVA;Select first;242000;10;24154.676576;
JAVA;Select first;242000;100;24165.808675;
JAVA;Select first;242000;1000;24124.192168;
JAVA;Select first;243000;0;24210.737260;
JAVA;Select first;243000;1;24371.789185;
JAVA;Select first;243000;10;24449.297195;
JAVA;Select first;243000;100;24302.408971;
JAVA;Select first;243000;1000;24238.894716;
JAVA;Select first;244000;0;24446.588206;
JAVA;Select first;244000;1;24626.291857;
JAVA;Select first;244000;10;24385.949725;
JAVA;Select first;244000;100;24465.036003;
JAVA;Select first;244000;1000;24411.907680;
JAVA;Select first;245000;0;24595.519313;
JAVA;Select first;245000;1;24639.103021;
JAVA;Select first;245000;10;24541.999336;
JAVA;Select first;245000;100;24538.455543;
JAVA;Select first;245000;1000;24589.851258;
JAVA;Select first;246000;0;24461.477293;
JAVA;Select first;246000;1;24714.841650;
JAVA;Select first;246000;10;24690.924301;
JAVA;Select first;246000;100;24710.297407;
JAVA;Select first;246000;1000;24813.949935;
JAVA;Select first;247000;0;24735.799172;
JAVA;Select first;247000;1;24887.781653;
JAVA;Select first;247000;10;24677.282920;
JAVA;Select first;247000;100;24786.112157;
JAVA;Select first;247000;1000;24836.402534;
JAVA;Select first;248000;0;24820.039144;
JAVA;Select first;248000;1;25069.395259;
JAVA;Select first;248000;10;24990.226922;
JAVA;Select first;248000;100;24997.030080;
JAVA;Select first;248000;1000;24961.508064;
JAVA;Select first;249000;0;25194.742975;
JAVA;Select first;249000;1;25130.325262;
JAVA;Select first;249000;10;25089.520690;
JAVA;Select first;249000;100;25067.918710;
JAVA;Select first;249000;1000;25133.372805;
JAVA;Select first;250000;0;25221.827396;
JAVA;Select first;250000;1;25288.457091;
JAVA;Select first;250000;10;25239.485783;
JAVA;Select first;250000;100;25243.462362;
JAVA;Select first;250000;1000;25435.540403;

