Exception in thread "main" java.lang.OutOfMemoryError: GC overhead limit exceeded
	at java.lang.StringBuilder.toString(StringBuilder.java:407)
	at java.math.BigDecimal.layoutChars(BigDecimal.java:3522)
	at java.math.BigDecimal.toString(BigDecimal.java:2884)
	at java.lang.String.valueOf(String.java:2994)
	at testapp.Item.<init>(Item.java:44)
	at testapp.testFilterSpeed.processSQLResult(testFilterSpeed.java:283)
	at testapp.testFilterSpeed.getDataFromDb(testFilterSpeed.java:149)
	at testapp.TestApp.main(TestApp.java:63)
Exception in thread "main" java.lang.OutOfMemoryError: GC overhead limit exceeded
	at org.postgresql.jdbc.TimestampUtils.parseBackendTimestamp(TimestampUtils.java:192)
	at org.postgresql.jdbc.TimestampUtils.toTimestamp(TimestampUtils.java:390)
	at org.postgresql.jdbc.TimestampUtils.toDate(TimestampUtils.java:468)
	at org.postgresql.jdbc.PgResultSet.getDate(PgResultSet.java:515)
	at org.postgresql.jdbc.PgResultSet.getDate(PgResultSet.java:2388)
	at org.postgresql.jdbc.PgResultSet.internalGetObject(PgResultSet.java:204)
	at org.postgresql.jdbc.PgResultSet.getObject(PgResultSet.java:2581)
	at testapp.Item.<init>(Item.java:41)
	at testapp.testFilterSpeed.processSQLResult(testFilterSpeed.java:283)
	at testapp.testFilterSpeed.getDataFromDb(testFilterSpeed.java:149)
	at testapp.TestApp.main(TestApp.java:63)
